[0.045s] Invoking command in '/home/lachu/ros2_workspaces/move_robot/build/move_robot': CMAKE_PREFIX_PATH=${CMAKE_PREFIX_PATH}:/opt/ros/jazzy DEBUGINFOD_URLS=https://debuginfod.ubuntu.com VIRTUAL_ENV_PROMPT=(.venv) /usr/bin/cmake /home/lachu/ros2_workspaces/move_robot -DCMAKE_INSTALL_PREFIX=/home/lachu/ros2_workspaces/move_robot/install/move_robot
[0.202s] -- The C compiler identification is GNU 13.3.0
[0.310s] -- The CXX compiler identification is GNU 13.3.0
[0.339s] -- Detecting C compiler ABI info
[0.513s] -- Detecting C compiler ABI info - done
[0.532s] -- Check for working C compiler: /usr/bin/cc - skipped
[0.533s] -- Detecting C compile features
[0.534s] -- Detecting C compile features - done
[0.560s] -- Detecting CXX compiler ABI info
[0.737s] -- Detecting CXX compiler ABI info - done
[0.754s] -- Check for working CXX compiler: /usr/bin/c++ - skipped
[0.754s] -- Detecting CXX compile features
[0.754s] -- Detecting CXX compile features - done
[0.762s] -- Found ament_cmake: 2.5.3 (/opt/ros/jazzy/share/ament_cmake/cmake)
[0.880s] -- Found Python3: /home/lachu/ros2_workspaces/.venv/bin/python3 (found version "3.10.6") found components: Interpreter 
[0.993s] -- Found rclcpp: 28.1.6 (/opt/ros/jazzy/share/rclcpp/cmake)
[1.043s] -- Found rosidl_generator_c: 4.6.5 (/opt/ros/jazzy/share/rosidl_generator_c/cmake)
[1.065s] -- Found rosidl_generator_cpp: 4.6.5 (/opt/ros/jazzy/share/rosidl_generator_cpp/cmake)
[1.085s] -- Using all available rosidl_typesupport_c: rosidl_typesupport_fastrtps_c;rosidl_typesupport_introspection_c
[1.104s] -- Using all available rosidl_typesupport_cpp: rosidl_typesupport_fastrtps_cpp;rosidl_typesupport_introspection_cpp
[1.187s] -- Found rmw_implementation_cmake: 7.3.1 (/opt/ros/jazzy/share/rmw_implementation_cmake/cmake)
[1.190s] -- Found rmw_fastrtps_cpp: 8.4.1 (/opt/ros/jazzy/share/rmw_fastrtps_cpp/cmake)
[1.404s] -- Found OpenSSL: /usr/lib/x86_64-linux-gnu/libcrypto.so (found version "3.0.13")  
[1.450s] -- Found FastRTPS: /opt/ros/jazzy/include (Required is at least version "2.13") 
[1.484s] -- Using RMW implementation 'rmw_fastrtps_cpp' as default
[1.558s] -- Found sensor_msgs: 5.3.5 (/opt/ros/jazzy/share/sensor_msgs/cmake)
[1.650s] Traceback (most recent call last):
[1.650s]   File "/opt/ros/jazzy/share/ament_cmake_core/cmake/core/package_xml_2_cmake.py", line 22, in <module>
[1.650s]     from catkin_pkg.package import parse_package_string
[1.650s] ModuleNotFoundError: No module named 'catkin_pkg'
[1.654s] [31mCMake Error at /opt/ros/jazzy/share/ament_cmake_core/cmake/core/ament_package_xml.cmake:95 (message):
[1.654s]   execute_process(/home/lachu/ros2_workspaces/.venv/bin/python3
[1.654s]   /opt/ros/jazzy/share/ament_cmake_core/cmake/core/package_xml_2_cmake.py
[1.654s]   /home/lachu/ros2_workspaces/move_robot/package.xml
[1.654s]   /home/lachu/ros2_workspaces/move_robot/build/move_robot/ament_cmake_core/package.cmake)
[1.655s]   returned error code 1
[1.655s] Call Stack (most recent call first):
[1.655s]   /opt/ros/jazzy/share/ament_cmake_core/cmake/core/ament_package_xml.cmake:49 (_ament_package_xml)
[1.655s]   /opt/ros/jazzy/share/ament_cmake_core/cmake/core/ament_package.cmake:63 (ament_package_xml)
[1.655s]   CMakeLists.txt:20 (ament_package)
[1.655s] 
[1.655s] [0m
[1.656s] -- Configuring incomplete, errors occurred!
[1.670s] Invoked command in '/home/lachu/ros2_workspaces/move_robot/build/move_robot' returned '1': CMAKE_PREFIX_PATH=${CMAKE_PREFIX_PATH}:/opt/ros/jazzy DEBUGINFOD_URLS=https://debuginfod.ubuntu.com VIRTUAL_ENV_PROMPT=(.venv) /usr/bin/cmake /home/lachu/ros2_workspaces/move_robot -DCMAKE_INSTALL_PREFIX=/home/lachu/ros2_workspaces/move_robot/install/move_robot
