[2.468s] DEBUG:colcon:Command line arguments: ['/usr/bin/colcon', 'build', '--packages-select', 'ur3_pick_place']
[2.468s] DEBUG:colcon:Parsed command line arguments: Namespace(log_base=None, log_level=None, verb_name='build', build_base='build', install_base='install', merge_install=False, symlink_install=False, test_result_base=None, continue_on_error=False, executor='parallel', parallel_workers=16, event_handlers=None, ignore_user_meta=False, metas=['./colcon.meta'], base_paths=['.'], packages_ignore=None, packages_ignore_regex=None, paths=None, packages_up_to=None, packages_up_to_regex=None, packages_above=None, packages_above_and_dependencies=None, packages_above_depth=None, packages_select_by_dep=None, packages_skip_by_dep=None, packages_skip_up_to=None, packages_select_build_failed=False, packages_skip_build_finished=False, packages_select_test_failures=False, packages_skip_test_passed=False, packages_select=['ur3_pick_place'], packages_skip=None, packages_select_regex=None, packages_skip_regex=None, packages_start=None, packages_end=None, allow_overriding=[], cmake_args=None, cmake_target=None, cmake_target_skip_unavailable=False, cmake_clean_cache=False, cmake_clean_first=False, cmake_force_configure=False, ament_cmake_args=None, catkin_cmake_args=None, catkin_skip_building_tests=False, mixin_files=None, mixin=None, verb_parser=<colcon_mixin.mixin.mixin_argument.MixinArgumentDecorator object at 0x7cb323873f20>, verb_extension=<colcon_core.verb.build.BuildVerb object at 0x7cb3238435f0>, main=<bound method BuildVerb.main of <colcon_core.verb.build.BuildVerb object at 0x7cb3238435f0>>, mixin_verb=('build',))
[2.603s] Level 1:colcon.colcon_core.package_discovery:discover_packages(colcon_meta) check parameters
[2.603s] Level 1:colcon.colcon_core.package_discovery:discover_packages(recursive) check parameters
[2.603s] Level 1:colcon.colcon_core.package_discovery:discover_packages(ignore) check parameters
[2.603s] Level 1:colcon.colcon_core.package_discovery:discover_packages(path) check parameters
[2.604s] Level 1:colcon.colcon_core.package_discovery:discover_packages(colcon_meta) discover
[2.604s] Level 1:colcon.colcon_core.package_discovery:discover_packages(recursive) discover
[2.604s] INFO:colcon.colcon_core.package_discovery:Crawling recursively for packages in '/home/lachu/ros2_workspaces'
[2.604s] Level 1:colcon.colcon_core.package_identification:_identify(.) by extensions ['ignore', 'ignore_ament_install']
[2.604s] Level 1:colcon.colcon_core.package_identification:_identify(.) by extension 'ignore'
[2.604s] Level 1:colcon.colcon_core.package_identification:_identify(.) by extension 'ignore_ament_install'
[2.604s] Level 1:colcon.colcon_core.package_identification:_identify(.) by extensions ['colcon_pkg']
[2.604s] Level 1:colcon.colcon_core.package_identification:_identify(.) by extension 'colcon_pkg'
[2.604s] Level 1:colcon.colcon_core.package_identification:_identify(.) by extensions ['colcon_meta']
[2.604s] Level 1:colcon.colcon_core.package_identification:_identify(.) by extension 'colcon_meta'
[2.604s] Level 1:colcon.colcon_core.package_identification:_identify(.) by extensions ['ros']
[2.604s] Level 1:colcon.colcon_core.package_identification:_identify(.) by extension 'ros'
[2.645s] Level 1:colcon.colcon_core.package_identification:_identify(.) by extensions ['cmake', 'python']
[2.645s] Level 1:colcon.colcon_core.package_identification:_identify(.) by extension 'cmake'
[2.645s] Level 1:colcon.colcon_core.package_identification:_identify(.) by extension 'python'
[2.645s] Level 1:colcon.colcon_core.package_identification:_identify(.) by extensions ['python_setup_py']
[2.645s] Level 1:colcon.colcon_core.package_identification:_identify(.) by extension 'python_setup_py'
[2.646s] Level 1:colcon.colcon_core.package_identification:_identify(build) by extensions ['ignore', 'ignore_ament_install']
[2.646s] Level 1:colcon.colcon_core.package_identification:_identify(build) by extension 'ignore'
[2.646s] Level 1:colcon.colcon_core.package_identification:_identify(build) ignored
[2.646s] Level 1:colcon.colcon_core.package_identification:_identify(install) by extensions ['ignore', 'ignore_ament_install']
[2.646s] Level 1:colcon.colcon_core.package_identification:_identify(install) by extension 'ignore'
[2.646s] Level 1:colcon.colcon_core.package_identification:_identify(install) ignored
[2.646s] Level 1:colcon.colcon_core.package_identification:_identify(log) by extensions ['ignore', 'ignore_ament_install']
[2.646s] Level 1:colcon.colcon_core.package_identification:_identify(log) by extension 'ignore'
[2.646s] Level 1:colcon.colcon_core.package_identification:_identify(log) ignored
[2.647s] Level 1:colcon.colcon_core.package_identification:_identify(ros2_ws) by extensions ['ignore', 'ignore_ament_install']
[2.647s] Level 1:colcon.colcon_core.package_identification:_identify(ros2_ws) by extension 'ignore'
[2.647s] Level 1:colcon.colcon_core.package_identification:_identify(ros2_ws) by extension 'ignore_ament_install'
[2.647s] Level 1:colcon.colcon_core.package_identification:_identify(ros2_ws) by extensions ['colcon_pkg']
[2.647s] Level 1:colcon.colcon_core.package_identification:_identify(ros2_ws) by extension 'colcon_pkg'
[2.647s] Level 1:colcon.colcon_core.package_identification:_identify(ros2_ws) by extensions ['colcon_meta']
[2.647s] Level 1:colcon.colcon_core.package_identification:_identify(ros2_ws) by extension 'colcon_meta'
[2.647s] Level 1:colcon.colcon_core.package_identification:_identify(ros2_ws) by extensions ['ros']
[2.647s] Level 1:colcon.colcon_core.package_identification:_identify(ros2_ws) by extension 'ros'
[2.647s] Level 1:colcon.colcon_core.package_identification:_identify(ros2_ws) by extensions ['cmake', 'python']
[2.647s] Level 1:colcon.colcon_core.package_identification:_identify(ros2_ws) by extension 'cmake'
[2.647s] Level 1:colcon.colcon_core.package_identification:_identify(ros2_ws) by extension 'python'
[2.647s] Level 1:colcon.colcon_core.package_identification:_identify(ros2_ws) by extensions ['python_setup_py']
[2.647s] Level 1:colcon.colcon_core.package_identification:_identify(ros2_ws) by extension 'python_setup_py'
[2.647s] Level 1:colcon.colcon_core.package_identification:_identify(ros2_ws/build) by extensions ['ignore', 'ignore_ament_install']
[2.648s] Level 1:colcon.colcon_core.package_identification:_identify(ros2_ws/build) by extension 'ignore'
[2.648s] Level 1:colcon.colcon_core.package_identification:_identify(ros2_ws/build) ignored
[2.648s] Level 1:colcon.colcon_core.package_identification:_identify(ros2_ws/install) by extensions ['ignore', 'ignore_ament_install']
[2.648s] Level 1:colcon.colcon_core.package_identification:_identify(ros2_ws/install) by extension 'ignore'
[2.648s] Level 1:colcon.colcon_core.package_identification:_identify(ros2_ws/install) ignored
[2.648s] Level 1:colcon.colcon_core.package_identification:_identify(ros2_ws/log) by extensions ['ignore', 'ignore_ament_install']
[2.648s] Level 1:colcon.colcon_core.package_identification:_identify(ros2_ws/log) by extension 'ignore'
[2.648s] Level 1:colcon.colcon_core.package_identification:_identify(ros2_ws/log) ignored
[2.648s] Level 1:colcon.colcon_core.package_identification:_identify(ros2_ws/src) by extensions ['ignore', 'ignore_ament_install']
[2.648s] Level 1:colcon.colcon_core.package_identification:_identify(ros2_ws/src) by extension 'ignore'
[2.648s] Level 1:colcon.colcon_core.package_identification:_identify(ros2_ws/src) by extension 'ignore_ament_install'
[2.648s] Level 1:colcon.colcon_core.package_identification:_identify(ros2_ws/src) by extensions ['colcon_pkg']
[2.648s] Level 1:colcon.colcon_core.package_identification:_identify(ros2_ws/src) by extension 'colcon_pkg'
[2.649s] Level 1:colcon.colcon_core.package_identification:_identify(ros2_ws/src) by extensions ['colcon_meta']
[2.649s] Level 1:colcon.colcon_core.package_identification:_identify(ros2_ws/src) by extension 'colcon_meta'
[2.649s] Level 1:colcon.colcon_core.package_identification:_identify(ros2_ws/src) by extensions ['ros']
[2.649s] Level 1:colcon.colcon_core.package_identification:_identify(ros2_ws/src) by extension 'ros'
[2.649s] Level 1:colcon.colcon_core.package_identification:_identify(ros2_ws/src) by extensions ['cmake', 'python']
[2.649s] Level 1:colcon.colcon_core.package_identification:_identify(ros2_ws/src) by extension 'cmake'
[2.649s] Level 1:colcon.colcon_core.package_identification:_identify(ros2_ws/src) by extension 'python'
[2.649s] Level 1:colcon.colcon_core.package_identification:_identify(ros2_ws/src) by extensions ['python_setup_py']
[2.649s] Level 1:colcon.colcon_core.package_identification:_identify(ros2_ws/src) by extension 'python_setup_py'
[2.649s] Level 1:colcon.colcon_core.package_identification:_identify(ros2_ws/src/Universal_Robots_ROS2_Description) by extensions ['ignore', 'ignore_ament_install']
[2.649s] Level 1:colcon.colcon_core.package_identification:_identify(ros2_ws/src/Universal_Robots_ROS2_Description) by extension 'ignore'
[2.649s] Level 1:colcon.colcon_core.package_identification:_identify(ros2_ws/src/Universal_Robots_ROS2_Description) by extension 'ignore_ament_install'
[2.649s] Level 1:colcon.colcon_core.package_identification:_identify(ros2_ws/src/Universal_Robots_ROS2_Description) by extensions ['colcon_pkg']
[2.649s] Level 1:colcon.colcon_core.package_identification:_identify(ros2_ws/src/Universal_Robots_ROS2_Description) by extension 'colcon_pkg'
[2.649s] Level 1:colcon.colcon_core.package_identification:_identify(ros2_ws/src/Universal_Robots_ROS2_Description) by extensions ['colcon_meta']
[2.649s] Level 1:colcon.colcon_core.package_identification:_identify(ros2_ws/src/Universal_Robots_ROS2_Description) by extension 'colcon_meta'
[2.649s] Level 1:colcon.colcon_core.package_identification:_identify(ros2_ws/src/Universal_Robots_ROS2_Description) by extensions ['ros']
[2.649s] Level 1:colcon.colcon_core.package_identification:_identify(ros2_ws/src/Universal_Robots_ROS2_Description) by extension 'ros'
[2.653s] DEBUG:colcon.colcon_core.package_identification:Package 'ros2_ws/src/Universal_Robots_ROS2_Description' with type 'ros.ament_cmake' and name 'ur_description'
[2.653s] Level 1:colcon.colcon_core.package_identification:_identify(ros2_ws/src/Universal_Robots_ROS2_Driver) by extensions ['ignore', 'ignore_ament_install']
[2.653s] Level 1:colcon.colcon_core.package_identification:_identify(ros2_ws/src/Universal_Robots_ROS2_Driver) by extension 'ignore'
[2.654s] Level 1:colcon.colcon_core.package_identification:_identify(ros2_ws/src/Universal_Robots_ROS2_Driver) by extension 'ignore_ament_install'
[2.654s] Level 1:colcon.colcon_core.package_identification:_identify(ros2_ws/src/Universal_Robots_ROS2_Driver) by extensions ['colcon_pkg']
[2.654s] Level 1:colcon.colcon_core.package_identification:_identify(ros2_ws/src/Universal_Robots_ROS2_Driver) by extension 'colcon_pkg'
[2.654s] Level 1:colcon.colcon_core.package_identification:_identify(ros2_ws/src/Universal_Robots_ROS2_Driver) by extensions ['colcon_meta']
[2.654s] Level 1:colcon.colcon_core.package_identification:_identify(ros2_ws/src/Universal_Robots_ROS2_Driver) by extension 'colcon_meta'
[2.654s] Level 1:colcon.colcon_core.package_identification:_identify(ros2_ws/src/Universal_Robots_ROS2_Driver) by extensions ['ros']
[2.654s] Level 1:colcon.colcon_core.package_identification:_identify(ros2_ws/src/Universal_Robots_ROS2_Driver) by extension 'ros'
[2.654s] Level 1:colcon.colcon_core.package_identification:_identify(ros2_ws/src/Universal_Robots_ROS2_Driver) by extensions ['cmake', 'python']
[2.654s] Level 1:colcon.colcon_core.package_identification:_identify(ros2_ws/src/Universal_Robots_ROS2_Driver) by extension 'cmake'
[2.654s] Level 1:colcon.colcon_core.package_identification:_identify(ros2_ws/src/Universal_Robots_ROS2_Driver) by extension 'python'
[2.654s] Level 1:colcon.colcon_core.package_identification:_identify(ros2_ws/src/Universal_Robots_ROS2_Driver) by extensions ['python_setup_py']
[2.654s] Level 1:colcon.colcon_core.package_identification:_identify(ros2_ws/src/Universal_Robots_ROS2_Driver) by extension 'python_setup_py'
[2.654s] Level 1:colcon.colcon_core.package_identification:_identify(ros2_ws/src/Universal_Robots_ROS2_Driver/ur) by extensions ['ignore', 'ignore_ament_install']
[2.654s] Level 1:colcon.colcon_core.package_identification:_identify(ros2_ws/src/Universal_Robots_ROS2_Driver/ur) by extension 'ignore'
[2.654s] Level 1:colcon.colcon_core.package_identification:_identify(ros2_ws/src/Universal_Robots_ROS2_Driver/ur) by extension 'ignore_ament_install'
[2.655s] Level 1:colcon.colcon_core.package_identification:_identify(ros2_ws/src/Universal_Robots_ROS2_Driver/ur) by extensions ['colcon_pkg']
[2.655s] Level 1:colcon.colcon_core.package_identification:_identify(ros2_ws/src/Universal_Robots_ROS2_Driver/ur) by extension 'colcon_pkg'
[2.655s] Level 1:colcon.colcon_core.package_identification:_identify(ros2_ws/src/Universal_Robots_ROS2_Driver/ur) by extensions ['colcon_meta']
[2.655s] Level 1:colcon.colcon_core.package_identification:_identify(ros2_ws/src/Universal_Robots_ROS2_Driver/ur) by extension 'colcon_meta'
[2.655s] Level 1:colcon.colcon_core.package_identification:_identify(ros2_ws/src/Universal_Robots_ROS2_Driver/ur) by extensions ['ros']
[2.655s] Level 1:colcon.colcon_core.package_identification:_identify(ros2_ws/src/Universal_Robots_ROS2_Driver/ur) by extension 'ros'
[2.656s] DEBUG:colcon.colcon_core.package_identification:Package 'ros2_ws/src/Universal_Robots_ROS2_Driver/ur' with type 'ros.ament_cmake' and name 'ur'
[2.656s] Level 1:colcon.colcon_core.package_identification:_identify(ros2_ws/src/Universal_Robots_ROS2_Driver/ur_calibration) by extensions ['ignore', 'ignore_ament_install']
[2.656s] Level 1:colcon.colcon_core.package_identification:_identify(ros2_ws/src/Universal_Robots_ROS2_Driver/ur_calibration) by extension 'ignore'
[2.656s] Level 1:colcon.colcon_core.package_identification:_identify(ros2_ws/src/Universal_Robots_ROS2_Driver/ur_calibration) by extension 'ignore_ament_install'
[2.656s] Level 1:colcon.colcon_core.package_identification:_identify(ros2_ws/src/Universal_Robots_ROS2_Driver/ur_calibration) by extensions ['colcon_pkg']
[2.656s] Level 1:colcon.colcon_core.package_identification:_identify(ros2_ws/src/Universal_Robots_ROS2_Driver/ur_calibration) by extension 'colcon_pkg'
[2.657s] Level 1:colcon.colcon_core.package_identification:_identify(ros2_ws/src/Universal_Robots_ROS2_Driver/ur_calibration) by extensions ['colcon_meta']
[2.657s] Level 1:colcon.colcon_core.package_identification:_identify(ros2_ws/src/Universal_Robots_ROS2_Driver/ur_calibration) by extension 'colcon_meta'
[2.657s] Level 1:colcon.colcon_core.package_identification:_identify(ros2_ws/src/Universal_Robots_ROS2_Driver/ur_calibration) by extensions ['ros']
[2.657s] Level 1:colcon.colcon_core.package_identification:_identify(ros2_ws/src/Universal_Robots_ROS2_Driver/ur_calibration) by extension 'ros'
[2.658s] DEBUG:colcon.colcon_core.package_identification:Package 'ros2_ws/src/Universal_Robots_ROS2_Driver/ur_calibration' with type 'ros.ament_cmake' and name 'ur_calibration'
[2.658s] Level 1:colcon.colcon_core.package_identification:_identify(ros2_ws/src/Universal_Robots_ROS2_Driver/ur_controllers) by extensions ['ignore', 'ignore_ament_install']
[2.658s] Level 1:colcon.colcon_core.package_identification:_identify(ros2_ws/src/Universal_Robots_ROS2_Driver/ur_controllers) by extension 'ignore'
[2.658s] Level 1:colcon.colcon_core.package_identification:_identify(ros2_ws/src/Universal_Robots_ROS2_Driver/ur_controllers) by extension 'ignore_ament_install'
[2.658s] Level 1:colcon.colcon_core.package_identification:_identify(ros2_ws/src/Universal_Robots_ROS2_Driver/ur_controllers) by extensions ['colcon_pkg']
[2.658s] Level 1:colcon.colcon_core.package_identification:_identify(ros2_ws/src/Universal_Robots_ROS2_Driver/ur_controllers) by extension 'colcon_pkg'
[2.658s] Level 1:colcon.colcon_core.package_identification:_identify(ros2_ws/src/Universal_Robots_ROS2_Driver/ur_controllers) by extensions ['colcon_meta']
[2.658s] Level 1:colcon.colcon_core.package_identification:_identify(ros2_ws/src/Universal_Robots_ROS2_Driver/ur_controllers) by extension 'colcon_meta'
[2.658s] Level 1:colcon.colcon_core.package_identification:_identify(ros2_ws/src/Universal_Robots_ROS2_Driver/ur_controllers) by extensions ['ros']
[2.658s] Level 1:colcon.colcon_core.package_identification:_identify(ros2_ws/src/Universal_Robots_ROS2_Driver/ur_controllers) by extension 'ros'
[2.661s] DEBUG:colcon.colcon_core.package_identification:Package 'ros2_ws/src/Universal_Robots_ROS2_Driver/ur_controllers' with type 'ros.ament_cmake' and name 'ur_controllers'
[2.661s] Level 1:colcon.colcon_core.package_identification:_identify(ros2_ws/src/Universal_Robots_ROS2_Driver/ur_dashboard_msgs) by extensions ['ignore', 'ignore_ament_install']
[2.661s] Level 1:colcon.colcon_core.package_identification:_identify(ros2_ws/src/Universal_Robots_ROS2_Driver/ur_dashboard_msgs) by extension 'ignore'
[2.661s] Level 1:colcon.colcon_core.package_identification:_identify(ros2_ws/src/Universal_Robots_ROS2_Driver/ur_dashboard_msgs) by extension 'ignore_ament_install'
[2.661s] Level 1:colcon.colcon_core.package_identification:_identify(ros2_ws/src/Universal_Robots_ROS2_Driver/ur_dashboard_msgs) by extensions ['colcon_pkg']
[2.661s] Level 1:colcon.colcon_core.package_identification:_identify(ros2_ws/src/Universal_Robots_ROS2_Driver/ur_dashboard_msgs) by extension 'colcon_pkg'
[2.661s] Level 1:colcon.colcon_core.package_identification:_identify(ros2_ws/src/Universal_Robots_ROS2_Driver/ur_dashboard_msgs) by extensions ['colcon_meta']
[2.661s] Level 1:colcon.colcon_core.package_identification:_identify(ros2_ws/src/Universal_Robots_ROS2_Driver/ur_dashboard_msgs) by extension 'colcon_meta'
[2.662s] Level 1:colcon.colcon_core.package_identification:_identify(ros2_ws/src/Universal_Robots_ROS2_Driver/ur_dashboard_msgs) by extensions ['ros']
[2.662s] Level 1:colcon.colcon_core.package_identification:_identify(ros2_ws/src/Universal_Robots_ROS2_Driver/ur_dashboard_msgs) by extension 'ros'
[2.663s] DEBUG:colcon.colcon_core.package_identification:Package 'ros2_ws/src/Universal_Robots_ROS2_Driver/ur_dashboard_msgs' with type 'ros.ament_cmake' and name 'ur_dashboard_msgs'
[2.663s] Level 1:colcon.colcon_core.package_identification:_identify(ros2_ws/src/Universal_Robots_ROS2_Driver/ur_moveit_config) by extensions ['ignore', 'ignore_ament_install']
[2.663s] Level 1:colcon.colcon_core.package_identification:_identify(ros2_ws/src/Universal_Robots_ROS2_Driver/ur_moveit_config) by extension 'ignore'
[2.663s] Level 1:colcon.colcon_core.package_identification:_identify(ros2_ws/src/Universal_Robots_ROS2_Driver/ur_moveit_config) by extension 'ignore_ament_install'
[2.663s] Level 1:colcon.colcon_core.package_identification:_identify(ros2_ws/src/Universal_Robots_ROS2_Driver/ur_moveit_config) by extensions ['colcon_pkg']
[2.663s] Level 1:colcon.colcon_core.package_identification:_identify(ros2_ws/src/Universal_Robots_ROS2_Driver/ur_moveit_config) by extension 'colcon_pkg'
[2.663s] Level 1:colcon.colcon_core.package_identification:_identify(ros2_ws/src/Universal_Robots_ROS2_Driver/ur_moveit_config) by extensions ['colcon_meta']
[2.663s] Level 1:colcon.colcon_core.package_identification:_identify(ros2_ws/src/Universal_Robots_ROS2_Driver/ur_moveit_config) by extension 'colcon_meta'
[2.663s] Level 1:colcon.colcon_core.package_identification:_identify(ros2_ws/src/Universal_Robots_ROS2_Driver/ur_moveit_config) by extensions ['ros']
[2.663s] Level 1:colcon.colcon_core.package_identification:_identify(ros2_ws/src/Universal_Robots_ROS2_Driver/ur_moveit_config) by extension 'ros'
[2.666s] DEBUG:colcon.colcon_core.package_identification:Package 'ros2_ws/src/Universal_Robots_ROS2_Driver/ur_moveit_config' with type 'ros.ament_cmake' and name 'ur_moveit_config'
[2.666s] Level 1:colcon.colcon_core.package_identification:_identify(ros2_ws/src/Universal_Robots_ROS2_Driver/ur_robot_driver) by extensions ['ignore', 'ignore_ament_install']
[2.667s] Level 1:colcon.colcon_core.package_identification:_identify(ros2_ws/src/Universal_Robots_ROS2_Driver/ur_robot_driver) by extension 'ignore'
[2.667s] Level 1:colcon.colcon_core.package_identification:_identify(ros2_ws/src/Universal_Robots_ROS2_Driver/ur_robot_driver) by extension 'ignore_ament_install'
[2.667s] Level 1:colcon.colcon_core.package_identification:_identify(ros2_ws/src/Universal_Robots_ROS2_Driver/ur_robot_driver) by extensions ['colcon_pkg']
[2.667s] Level 1:colcon.colcon_core.package_identification:_identify(ros2_ws/src/Universal_Robots_ROS2_Driver/ur_robot_driver) by extension 'colcon_pkg'
[2.667s] Level 1:colcon.colcon_core.package_identification:_identify(ros2_ws/src/Universal_Robots_ROS2_Driver/ur_robot_driver) by extensions ['colcon_meta']
[2.667s] Level 1:colcon.colcon_core.package_identification:_identify(ros2_ws/src/Universal_Robots_ROS2_Driver/ur_robot_driver) by extension 'colcon_meta'
[2.667s] Level 1:colcon.colcon_core.package_identification:_identify(ros2_ws/src/Universal_Robots_ROS2_Driver/ur_robot_driver) by extensions ['ros']
[2.667s] Level 1:colcon.colcon_core.package_identification:_identify(ros2_ws/src/Universal_Robots_ROS2_Driver/ur_robot_driver) by extension 'ros'
[2.669s] DEBUG:colcon.colcon_core.package_identification:Package 'ros2_ws/src/Universal_Robots_ROS2_Driver/ur_robot_driver' with type 'ros.ament_cmake' and name 'ur_robot_driver'
[2.670s] Level 1:colcon.colcon_core.package_identification:_identify(ros2_ws/src/ur3_pick_place) by extensions ['ignore', 'ignore_ament_install']
[2.670s] Level 1:colcon.colcon_core.package_identification:_identify(ros2_ws/src/ur3_pick_place) by extension 'ignore'
[2.670s] Level 1:colcon.colcon_core.package_identification:_identify(ros2_ws/src/ur3_pick_place) by extension 'ignore_ament_install'
[2.670s] Level 1:colcon.colcon_core.package_identification:_identify(ros2_ws/src/ur3_pick_place) by extensions ['colcon_pkg']
[2.670s] Level 1:colcon.colcon_core.package_identification:_identify(ros2_ws/src/ur3_pick_place) by extension 'colcon_pkg'
[2.670s] Level 1:colcon.colcon_core.package_identification:_identify(ros2_ws/src/ur3_pick_place) by extensions ['colcon_meta']
[2.670s] Level 1:colcon.colcon_core.package_identification:_identify(ros2_ws/src/ur3_pick_place) by extension 'colcon_meta'
[2.670s] Level 1:colcon.colcon_core.package_identification:_identify(ros2_ws/src/ur3_pick_place) by extensions ['ros']
[2.670s] Level 1:colcon.colcon_core.package_identification:_identify(ros2_ws/src/ur3_pick_place) by extension 'ros'
[2.672s] DEBUG:colcon.colcon_core.package_identification:Package 'ros2_ws/src/ur3_pick_place' with type 'ros.ament_cmake' and name 'ur3_pick_place'
[2.673s] Level 1:colcon.colcon_core.package_discovery:discover_packages(recursive) using defaults
[2.673s] Level 1:colcon.colcon_core.package_discovery:discover_packages(ignore) discover
[2.673s] Level 1:colcon.colcon_core.package_discovery:discover_packages(ignore) using defaults
[2.673s] Level 1:colcon.colcon_core.package_discovery:discover_packages(path) discover
[2.673s] Level 1:colcon.colcon_core.package_discovery:discover_packages(path) using defaults
[2.889s] INFO:colcon.colcon_core.package_selection:Skipping not selected package 'ur_dashboard_msgs' in 'ros2_ws/src/Universal_Robots_ROS2_Driver/ur_dashboard_msgs'
[2.889s] INFO:colcon.colcon_core.package_selection:Skipping not selected package 'ur_description' in 'ros2_ws/src/Universal_Robots_ROS2_Description'
[2.889s] INFO:colcon.colcon_core.package_selection:Skipping not selected package 'ur_controllers' in 'ros2_ws/src/Universal_Robots_ROS2_Driver/ur_controllers'
[2.890s] INFO:colcon.colcon_core.package_selection:Skipping not selected package 'ur_moveit_config' in 'ros2_ws/src/Universal_Robots_ROS2_Driver/ur_moveit_config'
[2.890s] INFO:colcon.colcon_core.package_selection:Skipping not selected package 'ur_robot_driver' in 'ros2_ws/src/Universal_Robots_ROS2_Driver/ur_robot_driver'
[2.890s] INFO:colcon.colcon_core.package_selection:Skipping not selected package 'ur_calibration' in 'ros2_ws/src/Universal_Robots_ROS2_Driver/ur_calibration'
[2.890s] INFO:colcon.colcon_core.package_selection:Skipping not selected package 'ur' in 'ros2_ws/src/Universal_Robots_ROS2_Driver/ur'
[2.995s] Level 1:colcon.colcon_core.package_discovery:discover_packages(prefix_path) check parameters
[2.995s] Level 1:colcon.colcon_core.package_discovery:discover_packages(prefix_path) discover
[3.097s] DEBUG:colcon.colcon_installed_package_information.package_discovery:Found 1 installed packages in /home/lachu/ros2_workspaces/install
[3.166s] DEBUG:colcon.colcon_installed_package_information.package_discovery:Found 426 installed packages in /opt/ros/jazzy
[3.169s] Level 1:colcon.colcon_core.package_discovery:discover_packages(prefix_path) using defaults
[3.392s] Level 5:colcon.colcon_core.verb:set package 'ur3_pick_place' build argument 'cmake_args' from command line to 'None'
[3.392s] Level 5:colcon.colcon_core.verb:set package 'ur3_pick_place' build argument 'cmake_target' from command line to 'None'
[3.393s] Level 5:colcon.colcon_core.verb:set package 'ur3_pick_place' build argument 'cmake_target_skip_unavailable' from command line to 'False'
[3.393s] Level 5:colcon.colcon_core.verb:set package 'ur3_pick_place' build argument 'cmake_clean_cache' from command line to 'False'
[3.393s] Level 5:colcon.colcon_core.verb:set package 'ur3_pick_place' build argument 'cmake_clean_first' from command line to 'False'
[3.393s] Level 5:colcon.colcon_core.verb:set package 'ur3_pick_place' build argument 'cmake_force_configure' from command line to 'False'
[3.393s] Level 5:colcon.colcon_core.verb:set package 'ur3_pick_place' build argument 'ament_cmake_args' from command line to 'None'
[3.393s] Level 5:colcon.colcon_core.verb:set package 'ur3_pick_place' build argument 'catkin_cmake_args' from command line to 'None'
[3.393s] Level 5:colcon.colcon_core.verb:set package 'ur3_pick_place' build argument 'catkin_skip_building_tests' from command line to 'False'
[3.393s] DEBUG:colcon.colcon_core.verb:Building package 'ur3_pick_place' with the following arguments: {'ament_cmake_args': None, 'build_base': '/home/lachu/ros2_workspaces/build/ur3_pick_place', 'catkin_cmake_args': None, 'catkin_skip_building_tests': False, 'cmake_args': None, 'cmake_clean_cache': False, 'cmake_clean_first': False, 'cmake_force_configure': False, 'cmake_target': None, 'cmake_target_skip_unavailable': False, 'install_base': '/home/lachu/ros2_workspaces/install/ur3_pick_place', 'merge_install': False, 'path': '/home/lachu/ros2_workspaces/ros2_ws/src/ur3_pick_place', 'symlink_install': False, 'test_result_base': None}
[3.437s] INFO:colcon.colcon_core.executor:Executing jobs using 'parallel' executor
[3.486s] DEBUG:colcon.colcon_parallel_executor.executor.parallel:run_until_complete
[3.488s] INFO:colcon.colcon_ros.task.ament_cmake.build:Building ROS package in '/home/lachu/ros2_workspaces/ros2_ws/src/ur3_pick_place' with build type 'ament_cmake'
[3.489s] INFO:colcon.colcon_cmake.task.cmake.build:Building CMake package in '/home/lachu/ros2_workspaces/ros2_ws/src/ur3_pick_place'
[3.553s] INFO:colcon.colcon_core.plugin_system:Skipping extension 'colcon_core.shell.bat': Not used on non-Windows systems
[3.553s] INFO:colcon.colcon_core.shell:Skip shell extension 'powershell' for command environment: Not usable outside of PowerShell
[3.554s] DEBUG:colcon.colcon_core.shell:Skip shell extension 'dsv' for command environment
[3.725s] WARNING:colcon.colcon_core.shell:The following packages are in the workspace but haven't been built:
- ur_description
- ur_moveit_config
They are being used from the following locations instead:
- /opt/ros/jazzy
- /opt/ros/jazzy
To suppress this warning ignore these packages in the workspace:
--packages-ignore ur_description ur_moveit_config
[3.743s] DEBUG:colcon.colcon_core.event_handler.log_command:Invoking command in '/home/lachu/ros2_workspaces/build/ur3_pick_place': CMAKE_PREFIX_PATH=${CMAKE_PREFIX_PATH}:/opt/ros/jazzy DEBUGINFOD_URLS=https://debuginfod.ubuntu.com /usr/bin/cmake --build /home/lachu/ros2_workspaces/build/ur3_pick_place -- -j16 -l16
[5.261s] DEBUG:colcon.colcon_core.event_handler.log_command:Invoked command in '/home/lachu/ros2_workspaces/build/ur3_pick_place' returned '0': CMAKE_PREFIX_PATH=${CMAKE_PREFIX_PATH}:/opt/ros/jazzy DEBUGINFOD_URLS=https://debuginfod.ubuntu.com /usr/bin/cmake --build /home/lachu/ros2_workspaces/build/ur3_pick_place -- -j16 -l16
[5.402s] DEBUG:colcon.colcon_core.event_handler.log_command:Invoking command in '/home/lachu/ros2_workspaces/build/ur3_pick_place': CMAKE_PREFIX_PATH=${CMAKE_PREFIX_PATH}:/opt/ros/jazzy DEBUGINFOD_URLS=https://debuginfod.ubuntu.com /usr/bin/cmake --install /home/lachu/ros2_workspaces/build/ur3_pick_place
[5.536s] Level 1:colcon.colcon_core.environment:create_environment_scripts_only(ur3_pick_place)
[5.537s] DEBUG:colcon.colcon_core.event_handler.log_command:Invoked command in '/home/lachu/ros2_workspaces/build/ur3_pick_place' returned '0': CMAKE_PREFIX_PATH=${CMAKE_PREFIX_PATH}:/opt/ros/jazzy DEBUGINFOD_URLS=https://debuginfod.ubuntu.com /usr/bin/cmake --install /home/lachu/ros2_workspaces/build/ur3_pick_place
[5.590s] Level 1:colcon.colcon_core.environment:checking '/home/lachu/ros2_workspaces/install/ur3_pick_place' for CMake module files
[5.592s] Level 1:colcon.colcon_core.environment:checking '/home/lachu/ros2_workspaces/install/ur3_pick_place' for CMake config files
[5.593s] Level 1:colcon.colcon_core.shell:create_environment_hook('ur3_pick_place', 'cmake_prefix_path')
[5.657s] INFO:colcon.colcon_core.shell:Creating environment hook '/home/lachu/ros2_workspaces/install/ur3_pick_place/share/ur3_pick_place/hook/cmake_prefix_path.ps1'
[5.658s] INFO:colcon.colcon_core.shell:Creating environment descriptor '/home/lachu/ros2_workspaces/install/ur3_pick_place/share/ur3_pick_place/hook/cmake_prefix_path.dsv'
[5.659s] INFO:colcon.colcon_core.shell:Creating environment hook '/home/lachu/ros2_workspaces/install/ur3_pick_place/share/ur3_pick_place/hook/cmake_prefix_path.sh'
[5.661s] Level 1:colcon.colcon_core.environment:checking '/home/lachu/ros2_workspaces/install/ur3_pick_place/lib'
[5.662s] Level 1:colcon.colcon_core.environment:checking '/home/lachu/ros2_workspaces/install/ur3_pick_place/bin'
[5.662s] Level 1:colcon.colcon_core.environment:checking '/home/lachu/ros2_workspaces/install/ur3_pick_place/lib/pkgconfig/ur3_pick_place.pc'
[5.663s] Level 1:colcon.colcon_core.environment:checking '/home/lachu/ros2_workspaces/install/ur3_pick_place/lib/python3.12/site-packages'
[5.663s] Level 1:colcon.colcon_core.shell:create_environment_hook('ur3_pick_place', 'pythonpath')
[5.726s] INFO:colcon.colcon_core.shell:Creating environment hook '/home/lachu/ros2_workspaces/install/ur3_pick_place/share/ur3_pick_place/hook/pythonpath.ps1'
[5.727s] INFO:colcon.colcon_core.shell:Creating environment descriptor '/home/lachu/ros2_workspaces/install/ur3_pick_place/share/ur3_pick_place/hook/pythonpath.dsv'
[5.728s] INFO:colcon.colcon_core.shell:Creating environment hook '/home/lachu/ros2_workspaces/install/ur3_pick_place/share/ur3_pick_place/hook/pythonpath.sh'
[5.730s] Level 1:colcon.colcon_core.environment:checking '/home/lachu/ros2_workspaces/install/ur3_pick_place/bin'
[5.776s] INFO:colcon.colcon_core.shell:Creating package script '/home/lachu/ros2_workspaces/install/ur3_pick_place/share/ur3_pick_place/package.ps1'
[5.778s] INFO:colcon.colcon_core.shell:Creating package descriptor '/home/lachu/ros2_workspaces/install/ur3_pick_place/share/ur3_pick_place/package.dsv'
[5.780s] INFO:colcon.colcon_core.shell:Creating package script '/home/lachu/ros2_workspaces/install/ur3_pick_place/share/ur3_pick_place/package.sh'
[5.782s] INFO:colcon.colcon_core.shell:Creating package script '/home/lachu/ros2_workspaces/install/ur3_pick_place/share/ur3_pick_place/package.bash'
[5.783s] INFO:colcon.colcon_core.shell:Creating package script '/home/lachu/ros2_workspaces/install/ur3_pick_place/share/ur3_pick_place/package.zsh'
[5.785s] Level 1:colcon.colcon_core.environment:create_file_with_runtime_dependencies(/home/lachu/ros2_workspaces/install/ur3_pick_place/share/colcon-core/packages/ur3_pick_place)
[5.925s] Level 1:colcon.colcon_core.environment:create_environment_scripts_only(ur3_pick_place)
[5.973s] Level 1:colcon.colcon_core.environment:checking '/home/lachu/ros2_workspaces/install/ur3_pick_place' for CMake module files
[5.975s] Level 1:colcon.colcon_core.environment:checking '/home/lachu/ros2_workspaces/install/ur3_pick_place' for CMake config files
[5.975s] Level 1:colcon.colcon_core.shell:create_environment_hook('ur3_pick_place', 'cmake_prefix_path')
[6.017s] INFO:colcon.colcon_core.shell:Creating environment hook '/home/lachu/ros2_workspaces/install/ur3_pick_place/share/ur3_pick_place/hook/cmake_prefix_path.ps1'
[6.018s] INFO:colcon.colcon_core.shell:Creating environment descriptor '/home/lachu/ros2_workspaces/install/ur3_pick_place/share/ur3_pick_place/hook/cmake_prefix_path.dsv'
[6.019s] INFO:colcon.colcon_core.shell:Creating environment hook '/home/lachu/ros2_workspaces/install/ur3_pick_place/share/ur3_pick_place/hook/cmake_prefix_path.sh'
[6.022s] Level 1:colcon.colcon_core.environment:checking '/home/lachu/ros2_workspaces/install/ur3_pick_place/lib'
[6.022s] Level 1:colcon.colcon_core.environment:checking '/home/lachu/ros2_workspaces/install/ur3_pick_place/bin'
[6.022s] Level 1:colcon.colcon_core.environment:checking '/home/lachu/ros2_workspaces/install/ur3_pick_place/lib/pkgconfig/ur3_pick_place.pc'
[6.023s] Level 1:colcon.colcon_core.environment:checking '/home/lachu/ros2_workspaces/install/ur3_pick_place/lib/python3.12/site-packages'
[6.024s] Level 1:colcon.colcon_core.shell:create_environment_hook('ur3_pick_place', 'pythonpath')
[6.091s] INFO:colcon.colcon_core.shell:Creating environment hook '/home/lachu/ros2_workspaces/install/ur3_pick_place/share/ur3_pick_place/hook/pythonpath.ps1'
[6.092s] INFO:colcon.colcon_core.shell:Creating environment descriptor '/home/lachu/ros2_workspaces/install/ur3_pick_place/share/ur3_pick_place/hook/pythonpath.dsv'
[6.092s] INFO:colcon.colcon_core.shell:Creating environment hook '/home/lachu/ros2_workspaces/install/ur3_pick_place/share/ur3_pick_place/hook/pythonpath.sh'
[6.093s] Level 1:colcon.colcon_core.environment:checking '/home/lachu/ros2_workspaces/install/ur3_pick_place/bin'
[6.155s] INFO:colcon.colcon_core.shell:Creating package script '/home/lachu/ros2_workspaces/install/ur3_pick_place/share/ur3_pick_place/package.ps1'
[6.157s] INFO:colcon.colcon_core.shell:Creating package descriptor '/home/lachu/ros2_workspaces/install/ur3_pick_place/share/ur3_pick_place/package.dsv'
[6.160s] INFO:colcon.colcon_core.shell:Creating package script '/home/lachu/ros2_workspaces/install/ur3_pick_place/share/ur3_pick_place/package.sh'
[6.161s] INFO:colcon.colcon_core.shell:Creating package script '/home/lachu/ros2_workspaces/install/ur3_pick_place/share/ur3_pick_place/package.bash'
[6.163s] INFO:colcon.colcon_core.shell:Creating package script '/home/lachu/ros2_workspaces/install/ur3_pick_place/share/ur3_pick_place/package.zsh'
[6.164s] Level 1:colcon.colcon_core.environment:create_file_with_runtime_dependencies(/home/lachu/ros2_workspaces/install/ur3_pick_place/share/colcon-core/packages/ur3_pick_place)
[6.165s] DEBUG:colcon.colcon_parallel_executor.executor.parallel:closing loop
[6.167s] DEBUG:colcon.colcon_parallel_executor.executor.parallel:loop closed
[6.168s] DEBUG:colcon.colcon_parallel_executor.executor.parallel:run_until_complete finished with '0'
[6.168s] DEBUG:colcon.colcon_core.event_reactor:joining thread
[6.273s] INFO:colcon.colcon_core.plugin_system:Skipping extension 'colcon_notification.desktop_notification.terminal_notifier': Not used on non-Darwin systems
[6.273s] INFO:colcon.colcon_core.plugin_system:Skipping extension 'colcon_notification.desktop_notification.win32': Not used on non-Windows systems
[6.273s] INFO:colcon.colcon_notification.desktop_notification:Sending desktop notification using 'notify2'
[6.307s] DEBUG:colcon.colcon_core.event_reactor:joined thread
[6.359s] INFO:colcon.colcon_core.shell:Creating prefix script '/home/lachu/ros2_workspaces/install/local_setup.ps1'
[6.361s] INFO:colcon.colcon_core.shell:Creating prefix util module '/home/lachu/ros2_workspaces/install/_local_setup_util_ps1.py'
[6.363s] INFO:colcon.colcon_core.shell:Creating prefix chain script '/home/lachu/ros2_workspaces/install/setup.ps1'
[6.402s] INFO:colcon.colcon_core.shell:Creating prefix script '/home/lachu/ros2_workspaces/install/local_setup.sh'
[6.403s] INFO:colcon.colcon_core.shell:Creating prefix util module '/home/lachu/ros2_workspaces/install/_local_setup_util_sh.py'
[6.404s] INFO:colcon.colcon_core.shell:Creating prefix chain script '/home/lachu/ros2_workspaces/install/setup.sh'
[6.432s] INFO:colcon.colcon_core.shell:Creating prefix script '/home/lachu/ros2_workspaces/install/local_setup.bash'
[6.433s] INFO:colcon.colcon_core.shell:Creating prefix chain script '/home/lachu/ros2_workspaces/install/setup.bash'
[6.459s] INFO:colcon.colcon_core.shell:Creating prefix script '/home/lachu/ros2_workspaces/install/local_setup.zsh'
[6.460s] INFO:colcon.colcon_core.shell:Creating prefix chain script '/home/lachu/ros2_workspaces/install/setup.zsh'
