[1.773s] DEBUG:colcon:Command line arguments: ['/usr/bin/colcon', 'build', '--packages-select', 'ur3_pick_place']
[1.773s] DEBUG:colcon:Parsed command line arguments: Namespace(log_base=None, log_level=None, verb_name='build', build_base='build', install_base='install', merge_install=False, symlink_install=False, test_result_base=None, continue_on_error=False, executor='parallel', parallel_workers=16, event_handlers=None, ignore_user_meta=False, metas=['./colcon.meta'], base_paths=['.'], packages_ignore=None, packages_ignore_regex=None, paths=None, packages_up_to=None, packages_up_to_regex=None, packages_above=None, packages_above_and_dependencies=None, packages_above_depth=None, packages_select_by_dep=None, packages_skip_by_dep=None, packages_skip_up_to=None, packages_select_build_failed=False, packages_skip_build_finished=False, packages_select_test_failures=False, packages_skip_test_passed=False, packages_select=['ur3_pick_place'], packages_skip=None, packages_select_regex=None, packages_skip_regex=None, packages_start=None, packages_end=None, allow_overriding=[], cmake_args=None, cmake_target=None, cmake_target_skip_unavailable=False, cmake_clean_cache=False, cmake_clean_first=False, cmake_force_configure=False, ament_cmake_args=None, catkin_cmake_args=None, catkin_skip_building_tests=False, mixin_files=None, mixin=None, verb_parser=<colcon_mixin.mixin.mixin_argument.MixinArgumentDecorator object at 0x7bfd9cd7ba70>, verb_extension=<colcon_core.verb.build.BuildVerb object at 0x7bfd9d0b6a20>, main=<bound method BuildVerb.main of <colcon_core.verb.build.BuildVerb object at 0x7bfd9d0b6a20>>, mixin_verb=('build',))
[1.943s] Level 1:colcon.colcon_core.package_discovery:discover_packages(colcon_meta) check parameters
[1.944s] Level 1:colcon.colcon_core.package_discovery:discover_packages(recursive) check parameters
[1.944s] Level 1:colcon.colcon_core.package_discovery:discover_packages(ignore) check parameters
[1.944s] Level 1:colcon.colcon_core.package_discovery:discover_packages(path) check parameters
[1.944s] Level 1:colcon.colcon_core.package_discovery:discover_packages(colcon_meta) discover
[1.944s] Level 1:colcon.colcon_core.package_discovery:discover_packages(recursive) discover
[1.944s] INFO:colcon.colcon_core.package_discovery:Crawling recursively for packages in '/home/lachu/ros2_workspaces'
[1.944s] Level 1:colcon.colcon_core.package_identification:_identify(.) by extensions ['ignore', 'ignore_ament_install']
[1.945s] Level 1:colcon.colcon_core.package_identification:_identify(.) by extension 'ignore'
[1.945s] Level 1:colcon.colcon_core.package_identification:_identify(.) by extension 'ignore_ament_install'
[1.945s] Level 1:colcon.colcon_core.package_identification:_identify(.) by extensions ['colcon_pkg']
[1.945s] Level 1:colcon.colcon_core.package_identification:_identify(.) by extension 'colcon_pkg'
[1.945s] Level 1:colcon.colcon_core.package_identification:_identify(.) by extensions ['colcon_meta']
[1.945s] Level 1:colcon.colcon_core.package_identification:_identify(.) by extension 'colcon_meta'
[1.946s] Level 1:colcon.colcon_core.package_identification:_identify(.) by extensions ['ros']
[1.946s] Level 1:colcon.colcon_core.package_identification:_identify(.) by extension 'ros'
[2.030s] Level 1:colcon.colcon_core.package_identification:_identify(.) by extensions ['cmake', 'python']
[2.030s] Level 1:colcon.colcon_core.package_identification:_identify(.) by extension 'cmake'
[2.030s] Level 1:colcon.colcon_core.package_identification:_identify(.) by extension 'python'
[2.031s] Level 1:colcon.colcon_core.package_identification:_identify(.) by extensions ['python_setup_py']
[2.031s] Level 1:colcon.colcon_core.package_identification:_identify(.) by extension 'python_setup_py'
[2.031s] Level 1:colcon.colcon_core.package_identification:_identify(build) by extensions ['ignore', 'ignore_ament_install']
[2.031s] Level 1:colcon.colcon_core.package_identification:_identify(build) by extension 'ignore'
[2.032s] Level 1:colcon.colcon_core.package_identification:_identify(build) ignored
[2.032s] Level 1:colcon.colcon_core.package_identification:_identify(install) by extensions ['ignore', 'ignore_ament_install']
[2.032s] Level 1:colcon.colcon_core.package_identification:_identify(install) by extension 'ignore'
[2.032s] Level 1:colcon.colcon_core.package_identification:_identify(install) ignored
[2.033s] Level 1:colcon.colcon_core.package_identification:_identify(log) by extensions ['ignore', 'ignore_ament_install']
[2.033s] Level 1:colcon.colcon_core.package_identification:_identify(log) by extension 'ignore'
[2.033s] Level 1:colcon.colcon_core.package_identification:_identify(log) ignored
[2.033s] Level 1:colcon.colcon_core.package_identification:_identify(ros2_ws) by extensions ['ignore', 'ignore_ament_install']
[2.033s] Level 1:colcon.colcon_core.package_identification:_identify(ros2_ws) by extension 'ignore'
[2.034s] Level 1:colcon.colcon_core.package_identification:_identify(ros2_ws) by extension 'ignore_ament_install'
[2.034s] Level 1:colcon.colcon_core.package_identification:_identify(ros2_ws) by extensions ['colcon_pkg']
[2.034s] Level 1:colcon.colcon_core.package_identification:_identify(ros2_ws) by extension 'colcon_pkg'
[2.034s] Level 1:colcon.colcon_core.package_identification:_identify(ros2_ws) by extensions ['colcon_meta']
[2.034s] Level 1:colcon.colcon_core.package_identification:_identify(ros2_ws) by extension 'colcon_meta'
[2.034s] Level 1:colcon.colcon_core.package_identification:_identify(ros2_ws) by extensions ['ros']
[2.034s] Level 1:colcon.colcon_core.package_identification:_identify(ros2_ws) by extension 'ros'
[2.034s] Level 1:colcon.colcon_core.package_identification:_identify(ros2_ws) by extensions ['cmake', 'python']
[2.035s] Level 1:colcon.colcon_core.package_identification:_identify(ros2_ws) by extension 'cmake'
[2.035s] Level 1:colcon.colcon_core.package_identification:_identify(ros2_ws) by extension 'python'
[2.035s] Level 1:colcon.colcon_core.package_identification:_identify(ros2_ws) by extensions ['python_setup_py']
[2.035s] Level 1:colcon.colcon_core.package_identification:_identify(ros2_ws) by extension 'python_setup_py'
[2.035s] Level 1:colcon.colcon_core.package_identification:_identify(ros2_ws/build) by extensions ['ignore', 'ignore_ament_install']
[2.035s] Level 1:colcon.colcon_core.package_identification:_identify(ros2_ws/build) by extension 'ignore'
[2.035s] Level 1:colcon.colcon_core.package_identification:_identify(ros2_ws/build) ignored
[2.036s] Level 1:colcon.colcon_core.package_identification:_identify(ros2_ws/install) by extensions ['ignore', 'ignore_ament_install']
[2.036s] Level 1:colcon.colcon_core.package_identification:_identify(ros2_ws/install) by extension 'ignore'
[2.036s] Level 1:colcon.colcon_core.package_identification:_identify(ros2_ws/install) ignored
[2.036s] Level 1:colcon.colcon_core.package_identification:_identify(ros2_ws/log) by extensions ['ignore', 'ignore_ament_install']
[2.037s] Level 1:colcon.colcon_core.package_identification:_identify(ros2_ws/log) by extension 'ignore'
[2.037s] Level 1:colcon.colcon_core.package_identification:_identify(ros2_ws/log) ignored
[2.037s] Level 1:colcon.colcon_core.package_identification:_identify(ros2_ws/src) by extensions ['ignore', 'ignore_ament_install']
[2.037s] Level 1:colcon.colcon_core.package_identification:_identify(ros2_ws/src) by extension 'ignore'
[2.037s] Level 1:colcon.colcon_core.package_identification:_identify(ros2_ws/src) by extension 'ignore_ament_install'
[2.038s] Level 1:colcon.colcon_core.package_identification:_identify(ros2_ws/src) by extensions ['colcon_pkg']
[2.038s] Level 1:colcon.colcon_core.package_identification:_identify(ros2_ws/src) by extension 'colcon_pkg'
[2.038s] Level 1:colcon.colcon_core.package_identification:_identify(ros2_ws/src) by extensions ['colcon_meta']
[2.038s] Level 1:colcon.colcon_core.package_identification:_identify(ros2_ws/src) by extension 'colcon_meta'
[2.038s] Level 1:colcon.colcon_core.package_identification:_identify(ros2_ws/src) by extensions ['ros']
[2.038s] Level 1:colcon.colcon_core.package_identification:_identify(ros2_ws/src) by extension 'ros'
[2.038s] Level 1:colcon.colcon_core.package_identification:_identify(ros2_ws/src) by extensions ['cmake', 'python']
[2.038s] Level 1:colcon.colcon_core.package_identification:_identify(ros2_ws/src) by extension 'cmake'
[2.038s] Level 1:colcon.colcon_core.package_identification:_identify(ros2_ws/src) by extension 'python'
[2.039s] Level 1:colcon.colcon_core.package_identification:_identify(ros2_ws/src) by extensions ['python_setup_py']
[2.039s] Level 1:colcon.colcon_core.package_identification:_identify(ros2_ws/src) by extension 'python_setup_py'
[2.039s] Level 1:colcon.colcon_core.package_identification:_identify(ros2_ws/src/Universal_Robots_ROS2_Description) by extensions ['ignore', 'ignore_ament_install']
[2.039s] Level 1:colcon.colcon_core.package_identification:_identify(ros2_ws/src/Universal_Robots_ROS2_Description) by extension 'ignore'
[2.039s] Level 1:colcon.colcon_core.package_identification:_identify(ros2_ws/src/Universal_Robots_ROS2_Description) by extension 'ignore_ament_install'
[2.040s] Level 1:colcon.colcon_core.package_identification:_identify(ros2_ws/src/Universal_Robots_ROS2_Description) by extensions ['colcon_pkg']
[2.040s] Level 1:colcon.colcon_core.package_identification:_identify(ros2_ws/src/Universal_Robots_ROS2_Description) by extension 'colcon_pkg'
[2.040s] Level 1:colcon.colcon_core.package_identification:_identify(ros2_ws/src/Universal_Robots_ROS2_Description) by extensions ['colcon_meta']
[2.040s] Level 1:colcon.colcon_core.package_identification:_identify(ros2_ws/src/Universal_Robots_ROS2_Description) by extension 'colcon_meta'
[2.040s] Level 1:colcon.colcon_core.package_identification:_identify(ros2_ws/src/Universal_Robots_ROS2_Description) by extensions ['ros']
[2.040s] Level 1:colcon.colcon_core.package_identification:_identify(ros2_ws/src/Universal_Robots_ROS2_Description) by extension 'ros'
[2.048s] DEBUG:colcon.colcon_core.package_identification:Package 'ros2_ws/src/Universal_Robots_ROS2_Description' with type 'ros.ament_cmake' and name 'ur_description'
[2.049s] Level 1:colcon.colcon_core.package_identification:_identify(ros2_ws/src/Universal_Robots_ROS2_Driver) by extensions ['ignore', 'ignore_ament_install']
[2.049s] Level 1:colcon.colcon_core.package_identification:_identify(ros2_ws/src/Universal_Robots_ROS2_Driver) by extension 'ignore'
[2.049s] Level 1:colcon.colcon_core.package_identification:_identify(ros2_ws/src/Universal_Robots_ROS2_Driver) by extension 'ignore_ament_install'
[2.049s] Level 1:colcon.colcon_core.package_identification:_identify(ros2_ws/src/Universal_Robots_ROS2_Driver) by extensions ['colcon_pkg']
[2.049s] Level 1:colcon.colcon_core.package_identification:_identify(ros2_ws/src/Universal_Robots_ROS2_Driver) by extension 'colcon_pkg'
[2.049s] Level 1:colcon.colcon_core.package_identification:_identify(ros2_ws/src/Universal_Robots_ROS2_Driver) by extensions ['colcon_meta']
[2.049s] Level 1:colcon.colcon_core.package_identification:_identify(ros2_ws/src/Universal_Robots_ROS2_Driver) by extension 'colcon_meta'
[2.050s] Level 1:colcon.colcon_core.package_identification:_identify(ros2_ws/src/Universal_Robots_ROS2_Driver) by extensions ['ros']
[2.050s] Level 1:colcon.colcon_core.package_identification:_identify(ros2_ws/src/Universal_Robots_ROS2_Driver) by extension 'ros'
[2.050s] Level 1:colcon.colcon_core.package_identification:_identify(ros2_ws/src/Universal_Robots_ROS2_Driver) by extensions ['cmake', 'python']
[2.050s] Level 1:colcon.colcon_core.package_identification:_identify(ros2_ws/src/Universal_Robots_ROS2_Driver) by extension 'cmake'
[2.050s] Level 1:colcon.colcon_core.package_identification:_identify(ros2_ws/src/Universal_Robots_ROS2_Driver) by extension 'python'
[2.050s] Level 1:colcon.colcon_core.package_identification:_identify(ros2_ws/src/Universal_Robots_ROS2_Driver) by extensions ['python_setup_py']
[2.050s] Level 1:colcon.colcon_core.package_identification:_identify(ros2_ws/src/Universal_Robots_ROS2_Driver) by extension 'python_setup_py'
[2.050s] Level 1:colcon.colcon_core.package_identification:_identify(ros2_ws/src/Universal_Robots_ROS2_Driver/ur) by extensions ['ignore', 'ignore_ament_install']
[2.051s] Level 1:colcon.colcon_core.package_identification:_identify(ros2_ws/src/Universal_Robots_ROS2_Driver/ur) by extension 'ignore'
[2.051s] Level 1:colcon.colcon_core.package_identification:_identify(ros2_ws/src/Universal_Robots_ROS2_Driver/ur) by extension 'ignore_ament_install'
[2.051s] Level 1:colcon.colcon_core.package_identification:_identify(ros2_ws/src/Universal_Robots_ROS2_Driver/ur) by extensions ['colcon_pkg']
[2.051s] Level 1:colcon.colcon_core.package_identification:_identify(ros2_ws/src/Universal_Robots_ROS2_Driver/ur) by extension 'colcon_pkg'
[2.051s] Level 1:colcon.colcon_core.package_identification:_identify(ros2_ws/src/Universal_Robots_ROS2_Driver/ur) by extensions ['colcon_meta']
[2.051s] Level 1:colcon.colcon_core.package_identification:_identify(ros2_ws/src/Universal_Robots_ROS2_Driver/ur) by extension 'colcon_meta'
[2.051s] Level 1:colcon.colcon_core.package_identification:_identify(ros2_ws/src/Universal_Robots_ROS2_Driver/ur) by extensions ['ros']
[2.051s] Level 1:colcon.colcon_core.package_identification:_identify(ros2_ws/src/Universal_Robots_ROS2_Driver/ur) by extension 'ros'
[2.052s] DEBUG:colcon.colcon_core.package_identification:Package 'ros2_ws/src/Universal_Robots_ROS2_Driver/ur' with type 'ros.ament_cmake' and name 'ur'
[2.053s] Level 1:colcon.colcon_core.package_identification:_identify(ros2_ws/src/Universal_Robots_ROS2_Driver/ur_calibration) by extensions ['ignore', 'ignore_ament_install']
[2.053s] Level 1:colcon.colcon_core.package_identification:_identify(ros2_ws/src/Universal_Robots_ROS2_Driver/ur_calibration) by extension 'ignore'
[2.053s] Level 1:colcon.colcon_core.package_identification:_identify(ros2_ws/src/Universal_Robots_ROS2_Driver/ur_calibration) by extension 'ignore_ament_install'
[2.053s] Level 1:colcon.colcon_core.package_identification:_identify(ros2_ws/src/Universal_Robots_ROS2_Driver/ur_calibration) by extensions ['colcon_pkg']
[2.053s] Level 1:colcon.colcon_core.package_identification:_identify(ros2_ws/src/Universal_Robots_ROS2_Driver/ur_calibration) by extension 'colcon_pkg'
[2.053s] Level 1:colcon.colcon_core.package_identification:_identify(ros2_ws/src/Universal_Robots_ROS2_Driver/ur_calibration) by extensions ['colcon_meta']
[2.053s] Level 1:colcon.colcon_core.package_identification:_identify(ros2_ws/src/Universal_Robots_ROS2_Driver/ur_calibration) by extension 'colcon_meta'
[2.053s] Level 1:colcon.colcon_core.package_identification:_identify(ros2_ws/src/Universal_Robots_ROS2_Driver/ur_calibration) by extensions ['ros']
[2.053s] Level 1:colcon.colcon_core.package_identification:_identify(ros2_ws/src/Universal_Robots_ROS2_Driver/ur_calibration) by extension 'ros'
[2.055s] DEBUG:colcon.colcon_core.package_identification:Package 'ros2_ws/src/Universal_Robots_ROS2_Driver/ur_calibration' with type 'ros.ament_cmake' and name 'ur_calibration'
[2.055s] Level 1:colcon.colcon_core.package_identification:_identify(ros2_ws/src/Universal_Robots_ROS2_Driver/ur_controllers) by extensions ['ignore', 'ignore_ament_install']
[2.055s] Level 1:colcon.colcon_core.package_identification:_identify(ros2_ws/src/Universal_Robots_ROS2_Driver/ur_controllers) by extension 'ignore'
[2.056s] Level 1:colcon.colcon_core.package_identification:_identify(ros2_ws/src/Universal_Robots_ROS2_Driver/ur_controllers) by extension 'ignore_ament_install'
[2.056s] Level 1:colcon.colcon_core.package_identification:_identify(ros2_ws/src/Universal_Robots_ROS2_Driver/ur_controllers) by extensions ['colcon_pkg']
[2.056s] Level 1:colcon.colcon_core.package_identification:_identify(ros2_ws/src/Universal_Robots_ROS2_Driver/ur_controllers) by extension 'colcon_pkg'
[2.056s] Level 1:colcon.colcon_core.package_identification:_identify(ros2_ws/src/Universal_Robots_ROS2_Driver/ur_controllers) by extensions ['colcon_meta']
[2.056s] Level 1:colcon.colcon_core.package_identification:_identify(ros2_ws/src/Universal_Robots_ROS2_Driver/ur_controllers) by extension 'colcon_meta'
[2.056s] Level 1:colcon.colcon_core.package_identification:_identify(ros2_ws/src/Universal_Robots_ROS2_Driver/ur_controllers) by extensions ['ros']
[2.056s] Level 1:colcon.colcon_core.package_identification:_identify(ros2_ws/src/Universal_Robots_ROS2_Driver/ur_controllers) by extension 'ros'
[2.059s] DEBUG:colcon.colcon_core.package_identification:Package 'ros2_ws/src/Universal_Robots_ROS2_Driver/ur_controllers' with type 'ros.ament_cmake' and name 'ur_controllers'
[2.059s] Level 1:colcon.colcon_core.package_identification:_identify(ros2_ws/src/Universal_Robots_ROS2_Driver/ur_dashboard_msgs) by extensions ['ignore', 'ignore_ament_install']
[2.060s] Level 1:colcon.colcon_core.package_identification:_identify(ros2_ws/src/Universal_Robots_ROS2_Driver/ur_dashboard_msgs) by extension 'ignore'
[2.060s] Level 1:colcon.colcon_core.package_identification:_identify(ros2_ws/src/Universal_Robots_ROS2_Driver/ur_dashboard_msgs) by extension 'ignore_ament_install'
[2.060s] Level 1:colcon.colcon_core.package_identification:_identify(ros2_ws/src/Universal_Robots_ROS2_Driver/ur_dashboard_msgs) by extensions ['colcon_pkg']
[2.060s] Level 1:colcon.colcon_core.package_identification:_identify(ros2_ws/src/Universal_Robots_ROS2_Driver/ur_dashboard_msgs) by extension 'colcon_pkg'
[2.060s] Level 1:colcon.colcon_core.package_identification:_identify(ros2_ws/src/Universal_Robots_ROS2_Driver/ur_dashboard_msgs) by extensions ['colcon_meta']
[2.060s] Level 1:colcon.colcon_core.package_identification:_identify(ros2_ws/src/Universal_Robots_ROS2_Driver/ur_dashboard_msgs) by extension 'colcon_meta'
[2.060s] Level 1:colcon.colcon_core.package_identification:_identify(ros2_ws/src/Universal_Robots_ROS2_Driver/ur_dashboard_msgs) by extensions ['ros']
[2.060s] Level 1:colcon.colcon_core.package_identification:_identify(ros2_ws/src/Universal_Robots_ROS2_Driver/ur_dashboard_msgs) by extension 'ros'
[2.061s] DEBUG:colcon.colcon_core.package_identification:Package 'ros2_ws/src/Universal_Robots_ROS2_Driver/ur_dashboard_msgs' with type 'ros.ament_cmake' and name 'ur_dashboard_msgs'
[2.061s] Level 1:colcon.colcon_core.package_identification:_identify(ros2_ws/src/Universal_Robots_ROS2_Driver/ur_moveit_config) by extensions ['ignore', 'ignore_ament_install']
[2.061s] Level 1:colcon.colcon_core.package_identification:_identify(ros2_ws/src/Universal_Robots_ROS2_Driver/ur_moveit_config) by extension 'ignore'
[2.061s] Level 1:colcon.colcon_core.package_identification:_identify(ros2_ws/src/Universal_Robots_ROS2_Driver/ur_moveit_config) by extension 'ignore_ament_install'
[2.061s] Level 1:colcon.colcon_core.package_identification:_identify(ros2_ws/src/Universal_Robots_ROS2_Driver/ur_moveit_config) by extensions ['colcon_pkg']
[2.062s] Level 1:colcon.colcon_core.package_identification:_identify(ros2_ws/src/Universal_Robots_ROS2_Driver/ur_moveit_config) by extension 'colcon_pkg'
[2.062s] Level 1:colcon.colcon_core.package_identification:_identify(ros2_ws/src/Universal_Robots_ROS2_Driver/ur_moveit_config) by extensions ['colcon_meta']
[2.062s] Level 1:colcon.colcon_core.package_identification:_identify(ros2_ws/src/Universal_Robots_ROS2_Driver/ur_moveit_config) by extension 'colcon_meta'
[2.062s] Level 1:colcon.colcon_core.package_identification:_identify(ros2_ws/src/Universal_Robots_ROS2_Driver/ur_moveit_config) by extensions ['ros']
[2.062s] Level 1:colcon.colcon_core.package_identification:_identify(ros2_ws/src/Universal_Robots_ROS2_Driver/ur_moveit_config) by extension 'ros'
[2.065s] DEBUG:colcon.colcon_core.package_identification:Package 'ros2_ws/src/Universal_Robots_ROS2_Driver/ur_moveit_config' with type 'ros.ament_cmake' and name 'ur_moveit_config'
[2.065s] Level 1:colcon.colcon_core.package_identification:_identify(ros2_ws/src/Universal_Robots_ROS2_Driver/ur_robot_driver) by extensions ['ignore', 'ignore_ament_install']
[2.065s] Level 1:colcon.colcon_core.package_identification:_identify(ros2_ws/src/Universal_Robots_ROS2_Driver/ur_robot_driver) by extension 'ignore'
[2.065s] Level 1:colcon.colcon_core.package_identification:_identify(ros2_ws/src/Universal_Robots_ROS2_Driver/ur_robot_driver) by extension 'ignore_ament_install'
[2.065s] Level 1:colcon.colcon_core.package_identification:_identify(ros2_ws/src/Universal_Robots_ROS2_Driver/ur_robot_driver) by extensions ['colcon_pkg']
[2.065s] Level 1:colcon.colcon_core.package_identification:_identify(ros2_ws/src/Universal_Robots_ROS2_Driver/ur_robot_driver) by extension 'colcon_pkg'
[2.065s] Level 1:colcon.colcon_core.package_identification:_identify(ros2_ws/src/Universal_Robots_ROS2_Driver/ur_robot_driver) by extensions ['colcon_meta']
[2.065s] Level 1:colcon.colcon_core.package_identification:_identify(ros2_ws/src/Universal_Robots_ROS2_Driver/ur_robot_driver) by extension 'colcon_meta'
[2.065s] Level 1:colcon.colcon_core.package_identification:_identify(ros2_ws/src/Universal_Robots_ROS2_Driver/ur_robot_driver) by extensions ['ros']
[2.065s] Level 1:colcon.colcon_core.package_identification:_identify(ros2_ws/src/Universal_Robots_ROS2_Driver/ur_robot_driver) by extension 'ros'
[2.068s] DEBUG:colcon.colcon_core.package_identification:Package 'ros2_ws/src/Universal_Robots_ROS2_Driver/ur_robot_driver' with type 'ros.ament_cmake' and name 'ur_robot_driver'
[2.068s] Level 1:colcon.colcon_core.package_identification:_identify(ros2_ws/src/ur3_pick_place) by extensions ['ignore', 'ignore_ament_install']
[2.068s] Level 1:colcon.colcon_core.package_identification:_identify(ros2_ws/src/ur3_pick_place) by extension 'ignore'
[2.068s] Level 1:colcon.colcon_core.package_identification:_identify(ros2_ws/src/ur3_pick_place) by extension 'ignore_ament_install'
[2.068s] Level 1:colcon.colcon_core.package_identification:_identify(ros2_ws/src/ur3_pick_place) by extensions ['colcon_pkg']
[2.068s] Level 1:colcon.colcon_core.package_identification:_identify(ros2_ws/src/ur3_pick_place) by extension 'colcon_pkg'
[2.068s] Level 1:colcon.colcon_core.package_identification:_identify(ros2_ws/src/ur3_pick_place) by extensions ['colcon_meta']
[2.068s] Level 1:colcon.colcon_core.package_identification:_identify(ros2_ws/src/ur3_pick_place) by extension 'colcon_meta'
[2.068s] Level 1:colcon.colcon_core.package_identification:_identify(ros2_ws/src/ur3_pick_place) by extensions ['ros']
[2.068s] Level 1:colcon.colcon_core.package_identification:_identify(ros2_ws/src/ur3_pick_place) by extension 'ros'
[2.070s] DEBUG:colcon.colcon_core.package_identification:Package 'ros2_ws/src/ur3_pick_place' with type 'ros.ament_cmake' and name 'ur3_pick_place'
[2.070s] Level 1:colcon.colcon_core.package_discovery:discover_packages(recursive) using defaults
[2.070s] Level 1:colcon.colcon_core.package_discovery:discover_packages(ignore) discover
[2.070s] Level 1:colcon.colcon_core.package_discovery:discover_packages(ignore) using defaults
[2.070s] Level 1:colcon.colcon_core.package_discovery:discover_packages(path) discover
[2.070s] Level 1:colcon.colcon_core.package_discovery:discover_packages(path) using defaults
[2.182s] INFO:colcon.colcon_core.package_selection:Skipping not selected package 'ur_dashboard_msgs' in 'ros2_ws/src/Universal_Robots_ROS2_Driver/ur_dashboard_msgs'
[2.182s] INFO:colcon.colcon_core.package_selection:Skipping not selected package 'ur_description' in 'ros2_ws/src/Universal_Robots_ROS2_Description'
[2.182s] INFO:colcon.colcon_core.package_selection:Skipping not selected package 'ur_controllers' in 'ros2_ws/src/Universal_Robots_ROS2_Driver/ur_controllers'
[2.182s] INFO:colcon.colcon_core.package_selection:Skipping not selected package 'ur_moveit_config' in 'ros2_ws/src/Universal_Robots_ROS2_Driver/ur_moveit_config'
[2.183s] INFO:colcon.colcon_core.package_selection:Skipping not selected package 'ur_robot_driver' in 'ros2_ws/src/Universal_Robots_ROS2_Driver/ur_robot_driver'
[2.183s] INFO:colcon.colcon_core.package_selection:Skipping not selected package 'ur_calibration' in 'ros2_ws/src/Universal_Robots_ROS2_Driver/ur_calibration'
[2.183s] INFO:colcon.colcon_core.package_selection:Skipping not selected package 'ur' in 'ros2_ws/src/Universal_Robots_ROS2_Driver/ur'
[2.225s] Level 1:colcon.colcon_core.package_discovery:discover_packages(prefix_path) check parameters
[2.225s] Level 1:colcon.colcon_core.package_discovery:discover_packages(prefix_path) discover
[2.270s] DEBUG:colcon.colcon_installed_package_information.package_discovery:Found 1 installed packages in /home/lachu/ros2_workspaces/install
[2.294s] DEBUG:colcon.colcon_installed_package_information.package_discovery:Found 426 installed packages in /opt/ros/jazzy
[2.295s] Level 1:colcon.colcon_core.package_discovery:discover_packages(prefix_path) using defaults
[2.392s] Level 5:colcon.colcon_core.verb:set package 'ur3_pick_place' build argument 'cmake_args' from command line to 'None'
[2.392s] Level 5:colcon.colcon_core.verb:set package 'ur3_pick_place' build argument 'cmake_target' from command line to 'None'
[2.392s] Level 5:colcon.colcon_core.verb:set package 'ur3_pick_place' build argument 'cmake_target_skip_unavailable' from command line to 'False'
[2.392s] Level 5:colcon.colcon_core.verb:set package 'ur3_pick_place' build argument 'cmake_clean_cache' from command line to 'False'
[2.392s] Level 5:colcon.colcon_core.verb:set package 'ur3_pick_place' build argument 'cmake_clean_first' from command line to 'False'
[2.392s] Level 5:colcon.colcon_core.verb:set package 'ur3_pick_place' build argument 'cmake_force_configure' from command line to 'False'
[2.392s] Level 5:colcon.colcon_core.verb:set package 'ur3_pick_place' build argument 'ament_cmake_args' from command line to 'None'
[2.392s] Level 5:colcon.colcon_core.verb:set package 'ur3_pick_place' build argument 'catkin_cmake_args' from command line to 'None'
[2.392s] Level 5:colcon.colcon_core.verb:set package 'ur3_pick_place' build argument 'catkin_skip_building_tests' from command line to 'False'
[2.392s] DEBUG:colcon.colcon_core.verb:Building package 'ur3_pick_place' with the following arguments: {'ament_cmake_args': None, 'build_base': '/home/lachu/ros2_workspaces/build/ur3_pick_place', 'catkin_cmake_args': None, 'catkin_skip_building_tests': False, 'cmake_args': None, 'cmake_clean_cache': False, 'cmake_clean_first': False, 'cmake_force_configure': False, 'cmake_target': None, 'cmake_target_skip_unavailable': False, 'install_base': '/home/lachu/ros2_workspaces/install/ur3_pick_place', 'merge_install': False, 'path': '/home/lachu/ros2_workspaces/ros2_ws/src/ur3_pick_place', 'symlink_install': False, 'test_result_base': None}
[2.413s] INFO:colcon.colcon_core.executor:Executing jobs using 'parallel' executor
[2.435s] DEBUG:colcon.colcon_parallel_executor.executor.parallel:run_until_complete
[2.435s] INFO:colcon.colcon_ros.task.ament_cmake.build:Building ROS package in '/home/lachu/ros2_workspaces/ros2_ws/src/ur3_pick_place' with build type 'ament_cmake'
[2.435s] INFO:colcon.colcon_cmake.task.cmake.build:Building CMake package in '/home/lachu/ros2_workspaces/ros2_ws/src/ur3_pick_place'
[2.466s] INFO:colcon.colcon_core.plugin_system:Skipping extension 'colcon_core.shell.bat': Not used on non-Windows systems
[2.467s] INFO:colcon.colcon_core.shell:Skip shell extension 'powershell' for command environment: Not usable outside of PowerShell
[2.467s] DEBUG:colcon.colcon_core.shell:Skip shell extension 'dsv' for command environment
[2.549s] WARNING:colcon.colcon_core.shell:The following packages are in the workspace but haven't been built:
- ur_description
- ur_moveit_config
They are being used from the following locations instead:
- /opt/ros/jazzy
- /opt/ros/jazzy
To suppress this warning ignore these packages in the workspace:
--packages-ignore ur_description ur_moveit_config
[2.560s] DEBUG:colcon.colcon_core.event_handler.log_command:Invoking command in '/home/lachu/ros2_workspaces/build/ur3_pick_place': CMAKE_PREFIX_PATH=${CMAKE_PREFIX_PATH}:/opt/ros/jazzy DEBUGINFOD_URLS=https://debuginfod.ubuntu.com /usr/bin/cmake --build /home/lachu/ros2_workspaces/build/ur3_pick_place -- -j16 -l16
[3.337s] DEBUG:colcon.colcon_core.event_handler.log_command:Invoked command in '/home/lachu/ros2_workspaces/build/ur3_pick_place' returned '0': CMAKE_PREFIX_PATH=${CMAKE_PREFIX_PATH}:/opt/ros/jazzy DEBUGINFOD_URLS=https://debuginfod.ubuntu.com /usr/bin/cmake --build /home/lachu/ros2_workspaces/build/ur3_pick_place -- -j16 -l16
[3.453s] DEBUG:colcon.colcon_core.event_handler.log_command:Invoking command in '/home/lachu/ros2_workspaces/build/ur3_pick_place': CMAKE_PREFIX_PATH=${CMAKE_PREFIX_PATH}:/opt/ros/jazzy DEBUGINFOD_URLS=https://debuginfod.ubuntu.com /usr/bin/cmake --install /home/lachu/ros2_workspaces/build/ur3_pick_place
[3.579s] Level 1:colcon.colcon_core.environment:create_environment_scripts_only(ur3_pick_place)
[3.580s] DEBUG:colcon.colcon_core.event_handler.log_command:Invoked command in '/home/lachu/ros2_workspaces/build/ur3_pick_place' returned '0': CMAKE_PREFIX_PATH=${CMAKE_PREFIX_PATH}:/opt/ros/jazzy DEBUGINFOD_URLS=https://debuginfod.ubuntu.com /usr/bin/cmake --install /home/lachu/ros2_workspaces/build/ur3_pick_place
[3.622s] Level 1:colcon.colcon_core.environment:checking '/home/lachu/ros2_workspaces/install/ur3_pick_place' for CMake module files
[3.623s] Level 1:colcon.colcon_core.environment:checking '/home/lachu/ros2_workspaces/install/ur3_pick_place' for CMake config files
[3.623s] Level 1:colcon.colcon_core.shell:create_environment_hook('ur3_pick_place', 'cmake_prefix_path')
[3.650s] INFO:colcon.colcon_core.shell:Creating environment hook '/home/lachu/ros2_workspaces/install/ur3_pick_place/share/ur3_pick_place/hook/cmake_prefix_path.ps1'
[3.651s] INFO:colcon.colcon_core.shell:Creating environment descriptor '/home/lachu/ros2_workspaces/install/ur3_pick_place/share/ur3_pick_place/hook/cmake_prefix_path.dsv'
[3.652s] INFO:colcon.colcon_core.shell:Creating environment hook '/home/lachu/ros2_workspaces/install/ur3_pick_place/share/ur3_pick_place/hook/cmake_prefix_path.sh'
[3.652s] Level 1:colcon.colcon_core.environment:checking '/home/lachu/ros2_workspaces/install/ur3_pick_place/lib'
[3.653s] Level 1:colcon.colcon_core.environment:checking '/home/lachu/ros2_workspaces/install/ur3_pick_place/bin'
[3.653s] Level 1:colcon.colcon_core.environment:checking '/home/lachu/ros2_workspaces/install/ur3_pick_place/lib/pkgconfig/ur3_pick_place.pc'
[3.653s] Level 1:colcon.colcon_core.environment:checking '/home/lachu/ros2_workspaces/install/ur3_pick_place/lib/python3.12/site-packages'
[3.653s] Level 1:colcon.colcon_core.shell:create_environment_hook('ur3_pick_place', 'pythonpath')
[3.675s] INFO:colcon.colcon_core.shell:Creating environment hook '/home/lachu/ros2_workspaces/install/ur3_pick_place/share/ur3_pick_place/hook/pythonpath.ps1'
[3.676s] INFO:colcon.colcon_core.shell:Creating environment descriptor '/home/lachu/ros2_workspaces/install/ur3_pick_place/share/ur3_pick_place/hook/pythonpath.dsv'
[3.676s] INFO:colcon.colcon_core.shell:Creating environment hook '/home/lachu/ros2_workspaces/install/ur3_pick_place/share/ur3_pick_place/hook/pythonpath.sh'
[3.677s] Level 1:colcon.colcon_core.environment:checking '/home/lachu/ros2_workspaces/install/ur3_pick_place/bin'
[3.698s] INFO:colcon.colcon_core.shell:Creating package script '/home/lachu/ros2_workspaces/install/ur3_pick_place/share/ur3_pick_place/package.ps1'
[3.699s] INFO:colcon.colcon_core.shell:Creating package descriptor '/home/lachu/ros2_workspaces/install/ur3_pick_place/share/ur3_pick_place/package.dsv'
[3.699s] INFO:colcon.colcon_core.shell:Creating package script '/home/lachu/ros2_workspaces/install/ur3_pick_place/share/ur3_pick_place/package.sh'
[3.700s] INFO:colcon.colcon_core.shell:Creating package script '/home/lachu/ros2_workspaces/install/ur3_pick_place/share/ur3_pick_place/package.bash'
[3.700s] INFO:colcon.colcon_core.shell:Creating package script '/home/lachu/ros2_workspaces/install/ur3_pick_place/share/ur3_pick_place/package.zsh'
[3.701s] Level 1:colcon.colcon_core.environment:create_file_with_runtime_dependencies(/home/lachu/ros2_workspaces/install/ur3_pick_place/share/colcon-core/packages/ur3_pick_place)
[3.830s] Level 1:colcon.colcon_core.environment:create_environment_scripts_only(ur3_pick_place)
[3.888s] Level 1:colcon.colcon_core.environment:checking '/home/lachu/ros2_workspaces/install/ur3_pick_place' for CMake module files
[3.890s] Level 1:colcon.colcon_core.environment:checking '/home/lachu/ros2_workspaces/install/ur3_pick_place' for CMake config files
[3.891s] Level 1:colcon.colcon_core.shell:create_environment_hook('ur3_pick_place', 'cmake_prefix_path')
[3.924s] INFO:colcon.colcon_core.shell:Creating environment hook '/home/lachu/ros2_workspaces/install/ur3_pick_place/share/ur3_pick_place/hook/cmake_prefix_path.ps1'
[3.925s] INFO:colcon.colcon_core.shell:Creating environment descriptor '/home/lachu/ros2_workspaces/install/ur3_pick_place/share/ur3_pick_place/hook/cmake_prefix_path.dsv'
[3.926s] INFO:colcon.colcon_core.shell:Creating environment hook '/home/lachu/ros2_workspaces/install/ur3_pick_place/share/ur3_pick_place/hook/cmake_prefix_path.sh'
[3.927s] Level 1:colcon.colcon_core.environment:checking '/home/lachu/ros2_workspaces/install/ur3_pick_place/lib'
[3.927s] Level 1:colcon.colcon_core.environment:checking '/home/lachu/ros2_workspaces/install/ur3_pick_place/bin'
[3.927s] Level 1:colcon.colcon_core.environment:checking '/home/lachu/ros2_workspaces/install/ur3_pick_place/lib/pkgconfig/ur3_pick_place.pc'
[3.928s] Level 1:colcon.colcon_core.environment:checking '/home/lachu/ros2_workspaces/install/ur3_pick_place/lib/python3.12/site-packages'
[3.928s] Level 1:colcon.colcon_core.shell:create_environment_hook('ur3_pick_place', 'pythonpath')
[3.972s] INFO:colcon.colcon_core.shell:Creating environment hook '/home/lachu/ros2_workspaces/install/ur3_pick_place/share/ur3_pick_place/hook/pythonpath.ps1'
[3.973s] INFO:colcon.colcon_core.shell:Creating environment descriptor '/home/lachu/ros2_workspaces/install/ur3_pick_place/share/ur3_pick_place/hook/pythonpath.dsv'
[3.973s] INFO:colcon.colcon_core.shell:Creating environment hook '/home/lachu/ros2_workspaces/install/ur3_pick_place/share/ur3_pick_place/hook/pythonpath.sh'
[3.974s] Level 1:colcon.colcon_core.environment:checking '/home/lachu/ros2_workspaces/install/ur3_pick_place/bin'
[3.995s] INFO:colcon.colcon_core.shell:Creating package script '/home/lachu/ros2_workspaces/install/ur3_pick_place/share/ur3_pick_place/package.ps1'
[3.996s] INFO:colcon.colcon_core.shell:Creating package descriptor '/home/lachu/ros2_workspaces/install/ur3_pick_place/share/ur3_pick_place/package.dsv'
[3.997s] INFO:colcon.colcon_core.shell:Creating package script '/home/lachu/ros2_workspaces/install/ur3_pick_place/share/ur3_pick_place/package.sh'
[3.998s] INFO:colcon.colcon_core.shell:Creating package script '/home/lachu/ros2_workspaces/install/ur3_pick_place/share/ur3_pick_place/package.bash'
[3.999s] INFO:colcon.colcon_core.shell:Creating package script '/home/lachu/ros2_workspaces/install/ur3_pick_place/share/ur3_pick_place/package.zsh'
[4.000s] Level 1:colcon.colcon_core.environment:create_file_with_runtime_dependencies(/home/lachu/ros2_workspaces/install/ur3_pick_place/share/colcon-core/packages/ur3_pick_place)
[4.000s] DEBUG:colcon.colcon_parallel_executor.executor.parallel:closing loop
[4.001s] DEBUG:colcon.colcon_parallel_executor.executor.parallel:loop closed
[4.001s] DEBUG:colcon.colcon_parallel_executor.executor.parallel:run_until_complete finished with '0'
[4.001s] DEBUG:colcon.colcon_core.event_reactor:joining thread
[4.038s] INFO:colcon.colcon_core.plugin_system:Skipping extension 'colcon_notification.desktop_notification.terminal_notifier': Not used on non-Darwin systems
[4.038s] INFO:colcon.colcon_core.plugin_system:Skipping extension 'colcon_notification.desktop_notification.win32': Not used on non-Windows systems
[4.038s] INFO:colcon.colcon_notification.desktop_notification:Sending desktop notification using 'notify2'
[4.077s] DEBUG:colcon.colcon_core.event_reactor:joined thread
[4.123s] INFO:colcon.colcon_core.shell:Creating prefix script '/home/lachu/ros2_workspaces/install/local_setup.ps1'
[4.124s] INFO:colcon.colcon_core.shell:Creating prefix util module '/home/lachu/ros2_workspaces/install/_local_setup_util_ps1.py'
[4.125s] INFO:colcon.colcon_core.shell:Creating prefix chain script '/home/lachu/ros2_workspaces/install/setup.ps1'
[4.147s] INFO:colcon.colcon_core.shell:Creating prefix script '/home/lachu/ros2_workspaces/install/local_setup.sh'
[4.148s] INFO:colcon.colcon_core.shell:Creating prefix util module '/home/lachu/ros2_workspaces/install/_local_setup_util_sh.py'
[4.148s] INFO:colcon.colcon_core.shell:Creating prefix chain script '/home/lachu/ros2_workspaces/install/setup.sh'
[4.171s] INFO:colcon.colcon_core.shell:Creating prefix script '/home/lachu/ros2_workspaces/install/local_setup.bash'
[4.171s] INFO:colcon.colcon_core.shell:Creating prefix chain script '/home/lachu/ros2_workspaces/install/setup.bash'
[4.193s] INFO:colcon.colcon_core.shell:Creating prefix script '/home/lachu/ros2_workspaces/install/local_setup.zsh'
[4.193s] INFO:colcon.colcon_core.shell:Creating prefix chain script '/home/lachu/ros2_workspaces/install/setup.zsh'
