[0.371s] Invoking command in '/home/lachu/ros2_workspaces/build/ur3_pick_place': CMAKE_PREFIX_PATH=${CMAKE_PREFIX_PATH}:/opt/ros/jazzy DEBUGINFOD_URLS=https://debuginfod.ubuntu.com /usr/bin/cmake --build /home/lachu/ros2_workspaces/build/ur3_pick_place -- -j16 -l16
[0.624s] [  0%] Built target ament_cmake_python_copy_ur3_pick_place
[0.723s] [100%] Built target pick_place_node
[1.629s] running egg_info
[1.740s] writing ur3_pick_place.egg-info/PKG-INFO
[1.741s] writing dependency_links to ur3_pick_place.egg-info/dependency_links.txt
[1.742s] writing top-level names to ur3_pick_place.egg-info/top_level.txt
[1.953s] reading manifest file 'ur3_pick_place.egg-info/SOURCES.txt'
[1.957s] writing manifest file 'ur3_pick_place.egg-info/SOURCES.txt'
[2.137s] [100%] Built target ament_cmake_python_build_ur3_pick_place_egg
[2.180s] Invoked command in '/home/lachu/ros2_workspaces/build/ur3_pick_place' returned '0': CMAKE_PREFIX_PATH=${CMAKE_PREFIX_PATH}:/opt/ros/jazzy DEBUGINFOD_URLS=https://debuginfod.ubuntu.com /usr/bin/cmake --build /home/lachu/ros2_workspaces/build/ur3_pick_place -- -j16 -l16
[2.333s] Invoking command in '/home/lachu/ros2_workspaces/build/ur3_pick_place': CMAKE_PREFIX_PATH=${CMAKE_PREFIX_PATH}:/opt/ros/jazzy DEBUGINFOD_URLS=https://debuginfod.ubuntu.com /usr/bin/cmake --install /home/lachu/ros2_workspaces/build/ur3_pick_place
[2.365s] -- Install configuration: ""
[2.366s] -- Up-to-date: /home/lachu/ros2_workspaces/install/ur3_pick_place/lib/ur3_pick_place/pick_place_node
[2.368s] -- Up-to-date: /home/lachu/ros2_workspaces/install/ur3_pick_place/share/ur3_pick_place/urdf
[2.369s] -- Up-to-date: /home/lachu/ros2_workspaces/install/ur3_pick_place/share/ur3_pick_place/urdf/ur3_gripper.urdf.xacro
[2.371s] -- Up-to-date: /home/lachu/ros2_workspaces/install/ur3_pick_place/share/ur3_pick_place/urdf/gripper.urdf.xacro
[2.372s] -- Up-to-date: /home/lachu/ros2_workspaces/install/ur3_pick_place/share/ur3_pick_place/urdf/ur3_with_gripper.urdf.xacro
[2.372s] -- Up-to-date: /home/lachu/ros2_workspaces/install/ur3_pick_place/share/ur3_pick_place/urdf/ur3_with_gripper.urdf
[2.373s] -- Up-to-date: /home/lachu/ros2_workspaces/install/ur3_pick_place/share/ur3_pick_place/urdf/simple_ur3.urdf
[2.373s] -- Up-to-date: /home/lachu/ros2_workspaces/install/ur3_pick_place/share/ur3_pick_place/urdf/ur3.urdf.xacro
[2.373s] -- Up-to-date: /home/lachu/ros2_workspaces/install/ur3_pick_place/share/ur3_pick_place/urdf/ur3_robot.urdf.xacro
[2.373s] -- Up-to-date: /home/lachu/ros2_workspaces/install/ur3_pick_place/share/ur3_pick_place/meshes
[2.374s] -- Up-to-date: /home/lachu/ros2_workspaces/install/ur3_pick_place/share/ur3_pick_place/meshes/collision
[2.375s] -- Up-to-date: /home/lachu/ros2_workspaces/install/ur3_pick_place/share/ur3_pick_place/meshes/collision/wrist1.stl
[2.375s] -- Up-to-date: /home/lachu/ros2_workspaces/install/ur3_pick_place/share/ur3_pick_place/meshes/collision/upperarm.stl
[2.376s] -- Up-to-date: /home/lachu/ros2_workspaces/install/ur3_pick_place/share/ur3_pick_place/meshes/collision/shoulder.stl
[2.377s] -- Up-to-date: /home/lachu/ros2_workspaces/install/ur3_pick_place/share/ur3_pick_place/meshes/collision/base.stl
[2.377s] -- Up-to-date: /home/lachu/ros2_workspaces/install/ur3_pick_place/share/ur3_pick_place/meshes/collision/wrist2.stl
[2.378s] -- Up-to-date: /home/lachu/ros2_workspaces/install/ur3_pick_place/share/ur3_pick_place/meshes/collision/forearm.stl
[2.378s] -- Up-to-date: /home/lachu/ros2_workspaces/install/ur3_pick_place/share/ur3_pick_place/meshes/collision/wrist3.stl
[2.378s] -- Up-to-date: /home/lachu/ros2_workspaces/install/ur3_pick_place/share/ur3_pick_place/meshes/visual
[2.378s] -- Up-to-date: /home/lachu/ros2_workspaces/install/ur3_pick_place/share/ur3_pick_place/meshes/visual/shoulder.dae
[2.379s] -- Up-to-date: /home/lachu/ros2_workspaces/install/ur3_pick_place/share/ur3_pick_place/meshes/visual/wrist2.dae
[2.379s] -- Up-to-date: /home/lachu/ros2_workspaces/install/ur3_pick_place/share/ur3_pick_place/meshes/visual/base.dae
[2.379s] -- Up-to-date: /home/lachu/ros2_workspaces/install/ur3_pick_place/share/ur3_pick_place/meshes/visual/wrist3.dae
[2.379s] -- Up-to-date: /home/lachu/ros2_workspaces/install/ur3_pick_place/share/ur3_pick_place/meshes/visual/upperarm.dae
[2.380s] -- Up-to-date: /home/lachu/ros2_workspaces/install/ur3_pick_place/share/ur3_pick_place/meshes/visual/wrist1.dae
[2.380s] -- Up-to-date: /home/lachu/ros2_workspaces/install/ur3_pick_place/share/ur3_pick_place/meshes/visual/forearm.dae
[2.380s] -- Up-to-date: /home/lachu/ros2_workspaces/install/ur3_pick_place/share/ur3_pick_place/config
[2.380s] -- Up-to-date: /home/lachu/ros2_workspaces/install/ur3_pick_place/share/ur3_pick_place/config/moveit_controllers.yaml
[2.380s] -- Up-to-date: /home/lachu/ros2_workspaces/install/ur3_pick_place/share/ur3_pick_place/config/ur3.srdf
[2.381s] -- Up-to-date: /home/lachu/ros2_workspaces/install/ur3_pick_place/share/ur3_pick_place/config/controllers.yaml
[2.381s] -- Up-to-date: /home/lachu/ros2_workspaces/install/ur3_pick_place/share/ur3_pick_place/config/kinematics.yaml
[2.381s] -- Up-to-date: /home/lachu/ros2_workspaces/install/ur3_pick_place/share/ur3_pick_place/config/view_robot.rviz
[2.382s] -- Up-to-date: /home/lachu/ros2_workspaces/install/ur3_pick_place/share/ur3_pick_place/config/ur3_controllers.yaml
[2.382s] -- Up-to-date: /home/lachu/ros2_workspaces/install/ur3_pick_place/share/ur3_pick_place/config/gazebo_params.yaml
[2.382s] -- Installing: /home/lachu/ros2_workspaces/install/ur3_pick_place/share/ur3_pick_place/config/moveit_planning.yaml
[2.382s] -- Up-to-date: /home/lachu/ros2_workspaces/install/ur3_pick_place/share/ur3_pick_place/config/joint_limits.yaml
[2.383s] -- Up-to-date: /home/lachu/ros2_workspaces/install/ur3_pick_place/share/ur3_pick_place/worlds
[2.383s] -- Up-to-date: /home/lachu/ros2_workspaces/install/ur3_pick_place/share/ur3_pick_place/worlds/pick_place.world
[2.383s] -- Up-to-date: /home/lachu/ros2_workspaces/install/ur3_pick_place/share/ur3_pick_place/launch
[2.383s] -- Up-to-date: /home/lachu/ros2_workspaces/install/ur3_pick_place/share/ur3_pick_place/launch/process_xacro.sh
[2.384s] -- Up-to-date: /home/lachu/ros2_workspaces/install/ur3_pick_place/share/ur3_pick_place/launch/ur3_moveit.launch.py
[2.384s] -- Up-to-date: /home/lachu/ros2_workspaces/install/ur3_pick_place/share/ur3_pick_place/launch/pick_place_demo.launch.py
[2.384s] -- Up-to-date: /home/lachu/ros2_workspaces/install/ur3_pick_place/share/ur3_pick_place/launch/test_pick_place.launch.py
[2.384s] -- Up-to-date: /home/lachu/ros2_workspaces/install/ur3_pick_place/share/ur3_pick_place/launch/complete_demo.launch.py
[2.384s] -- Up-to-date: /home/lachu/ros2_workspaces/install/ur3_pick_place/share/ur3_pick_place/launch/classic_gazebo.launch.py
[2.385s] -- Up-to-date: /home/lachu/ros2_workspaces/install/ur3_pick_place/share/ur3_pick_place/launch/pick_place_gazebo_demo.launch.py
[2.385s] -- Installing: /home/lachu/ros2_workspaces/install/ur3_pick_place/share/ur3_pick_place/launch/gazebo_simulation.launch.py
[2.385s] -- Up-to-date: /home/lachu/ros2_workspaces/install/ur3_pick_place/share/ur3_pick_place/launch/pick_place_demo_simple.launch.py
[2.385s] -- Up-to-date: /home/lachu/ros2_workspaces/install/ur3_pick_place/share/ur3_pick_place/launch/simple_gazebo.launch.py
[2.385s] -- Up-to-date: /home/lachu/ros2_workspaces/install/ur3_pick_place/share/ur3_pick_place/launch/spawn_simple_box.launch.py
[2.386s] -- Up-to-date: /home/lachu/ros2_workspaces/install/ur3_pick_place/share/ur3_pick_place/launch/spawn_simple_ur3.launch.py
[2.386s] -- Up-to-date: /home/lachu/ros2_workspaces/install/ur3_pick_place/share/ur3_pick_place/launch/robot_description.launch.py
[2.386s] -- Up-to-date: /home/lachu/ros2_workspaces/install/ur3_pick_place/share/ur3_pick_place/launch/spawn_ur3_sdf.launch.py
[2.386s] -- Up-to-date: /home/lachu/ros2_workspaces/install/ur3_pick_place/share/ur3_pick_place/launch/spawn_ur3.launch.py
[2.386s] -- Up-to-date: /home/lachu/ros2_workspaces/install/ur3_pick_place/share/ur3_pick_place/launch/spawn_models_service.launch.py
[2.387s] -- Up-to-date: /home/lachu/ros2_workspaces/install/ur3_pick_place/share/ur3_pick_place/launch/pick_place.launch.py
[2.387s] -- Up-to-date: /home/lachu/ros2_workspaces/install/ur3_pick_place/share/ur3_pick_place/launch/start_gazebo.launch.py
[2.387s] -- Up-to-date: /home/lachu/ros2_workspaces/install/ur3_pick_place/share/ur3_pick_place/launch/spawn_objects.launch.py
[2.387s] -- Up-to-date: /home/lachu/ros2_workspaces/install/ur3_pick_place/share/ur3_pick_place/launch/spawn_robot_node.launch.py
[2.387s] -- Up-to-date: /home/lachu/ros2_workspaces/install/ur3_pick_place/lib/ur3_pick_place/scripts
[2.388s] -- Up-to-date: /home/lachu/ros2_workspaces/install/ur3_pick_place/lib/ur3_pick_place/scripts/test_pick_place.py
[2.388s] -- Up-to-date: /home/lachu/ros2_workspaces/install/ur3_pick_place/lib/ur3_pick_place/scripts/spawn_robot.py
[2.388s] -- Up-to-date: /home/lachu/ros2_workspaces/install/ur3_pick_place/share/ur3_pick_place/environment/pythonpath.sh
[2.388s] -- Up-to-date: /home/lachu/ros2_workspaces/install/ur3_pick_place/share/ur3_pick_place/environment/pythonpath.dsv
[2.388s] -- Up-to-date: /home/lachu/ros2_workspaces/install/ur3_pick_place/lib/python3.12/site-packages/ur3_pick_place-0.0.1-py3.12.egg-info
[2.389s] -- Installing: /home/lachu/ros2_workspaces/install/ur3_pick_place/lib/python3.12/site-packages/ur3_pick_place-0.0.1-py3.12.egg-info/dependency_links.txt
[2.389s] -- Installing: /home/lachu/ros2_workspaces/install/ur3_pick_place/lib/python3.12/site-packages/ur3_pick_place-0.0.1-py3.12.egg-info/SOURCES.txt
[2.389s] -- Installing: /home/lachu/ros2_workspaces/install/ur3_pick_place/lib/python3.12/site-packages/ur3_pick_place-0.0.1-py3.12.egg-info/top_level.txt
[2.389s] -- Installing: /home/lachu/ros2_workspaces/install/ur3_pick_place/lib/python3.12/site-packages/ur3_pick_place-0.0.1-py3.12.egg-info/PKG-INFO
[2.390s] -- Up-to-date: /home/lachu/ros2_workspaces/install/ur3_pick_place/lib/python3.12/site-packages/ur3_pick_place
[2.390s] -- Up-to-date: /home/lachu/ros2_workspaces/install/ur3_pick_place/lib/python3.12/site-packages/ur3_pick_place/nodes
[2.390s] -- Up-to-date: /home/lachu/ros2_workspaces/install/ur3_pick_place/lib/python3.12/site-packages/ur3_pick_place/nodes/pick_place_node.py
[2.390s] -- Up-to-date: /home/lachu/ros2_workspaces/install/ur3_pick_place/lib/python3.12/site-packages/ur3_pick_place/nodes/__init__.py
[2.390s] -- Up-to-date: /home/lachu/ros2_workspaces/install/ur3_pick_place/lib/python3.12/site-packages/ur3_pick_place/spawn_objects.py
[2.390s] -- Up-to-date: /home/lachu/ros2_workspaces/install/ur3_pick_place/lib/python3.12/site-packages/ur3_pick_place/pick_place_node.py
[2.391s] -- Up-to-date: /home/lachu/ros2_workspaces/install/ur3_pick_place/lib/python3.12/site-packages/ur3_pick_place/__init__.py
[2.511s] Listing '/home/lachu/ros2_workspaces/install/ur3_pick_place/lib/python3.12/site-packages/ur3_pick_place'...
[2.512s] Listing '/home/lachu/ros2_workspaces/install/ur3_pick_place/lib/python3.12/site-packages/ur3_pick_place/nodes'...
[2.534s] -- Up-to-date: /home/lachu/ros2_workspaces/install/ur3_pick_place/share/ament_index/resource_index/package_run_dependencies/ur3_pick_place
[2.535s] -- Up-to-date: /home/lachu/ros2_workspaces/install/ur3_pick_place/share/ament_index/resource_index/parent_prefix_path/ur3_pick_place
[2.536s] -- Up-to-date: /home/lachu/ros2_workspaces/install/ur3_pick_place/share/ur3_pick_place/environment/ament_prefix_path.sh
[2.536s] -- Up-to-date: /home/lachu/ros2_workspaces/install/ur3_pick_place/share/ur3_pick_place/environment/ament_prefix_path.dsv
[2.536s] -- Up-to-date: /home/lachu/ros2_workspaces/install/ur3_pick_place/share/ur3_pick_place/environment/path.sh
[2.537s] -- Up-to-date: /home/lachu/ros2_workspaces/install/ur3_pick_place/share/ur3_pick_place/environment/path.dsv
[2.537s] -- Up-to-date: /home/lachu/ros2_workspaces/install/ur3_pick_place/share/ur3_pick_place/local_setup.bash
[2.537s] -- Up-to-date: /home/lachu/ros2_workspaces/install/ur3_pick_place/share/ur3_pick_place/local_setup.sh
[2.537s] -- Up-to-date: /home/lachu/ros2_workspaces/install/ur3_pick_place/share/ur3_pick_place/local_setup.zsh
[2.538s] -- Up-to-date: /home/lachu/ros2_workspaces/install/ur3_pick_place/share/ur3_pick_place/local_setup.dsv
[2.538s] -- Installing: /home/lachu/ros2_workspaces/install/ur3_pick_place/share/ur3_pick_place/package.dsv
[2.538s] -- Up-to-date: /home/lachu/ros2_workspaces/install/ur3_pick_place/share/ament_index/resource_index/packages/ur3_pick_place
[2.539s] -- Up-to-date: /home/lachu/ros2_workspaces/install/ur3_pick_place/share/ur3_pick_place/cmake/ament_cmake_export_include_directories-extras.cmake
[2.539s] -- Up-to-date: /home/lachu/ros2_workspaces/install/ur3_pick_place/share/ur3_pick_place/cmake/ament_cmake_export_dependencies-extras.cmake
[2.540s] -- Up-to-date: /home/lachu/ros2_workspaces/install/ur3_pick_place/share/ur3_pick_place/cmake/ur3_pick_placeConfig.cmake
[2.540s] -- Up-to-date: /home/lachu/ros2_workspaces/install/ur3_pick_place/share/ur3_pick_place/cmake/ur3_pick_placeConfig-version.cmake
[2.540s] -- Up-to-date: /home/lachu/ros2_workspaces/install/ur3_pick_place/share/ur3_pick_place/package.xml
[2.547s] Invoked command in '/home/lachu/ros2_workspaces/build/ur3_pick_place' returned '0': CMAKE_PREFIX_PATH=${CMAKE_PREFIX_PATH}:/opt/ros/jazzy DEBUGINFOD_URLS=https://debuginfod.ubuntu.com /usr/bin/cmake --install /home/lachu/ros2_workspaces/build/ur3_pick_place
